Invoking simulator...

./simv -sml=verdi +UVM_VERDI_TRACE=UVM_AWARE +fsdb+gate=off -ucli2Proc -ucli
debImport "-i" "-simflow" "-dbdir" "./simv.daidir"
Chronologic VCS simulator copyright 1991-2020
Contains Synopsys proprietary information.
Compiler version R-2020.12-SP2_Full64; Runtime version R-2020.12-SP2_Full64;  May 29 13:15 2024

*Verdi* Loading libsscore_vcs202012.so

FSDB Dumper for VCS, Release Verdi_R-2020.12-SP2, Linux x86_64/64bit, 05/23/2021
(C) 1996 - 2021 by Synopsys, Inc.

*Verdi* : Create FSDB file '/mnt/vol_NFS_rh003/Est_Digitales_I_2024/BONILLA_BLANCO_I_2024_dig/Digitales_Ronny2024/Proyecto_2/inter.fsdb'

*Verdi* : Flush all FSDB Files at 0 ns.

*Verdi* : Enable RPC Server(1102307)

srcTBInvokeSim
xterm-256color is Not a valid terminal...
Verdi>fsdbDumpvars 1 "z_pipeline_tb.pipeline_prueba.IMM_GEN_SIGN_EXTENDED"  +all +trace_process;fsdbDumpflush 

*Verdi* : Begin traversing the scope (z_pipeline_tb.pipeline_prueba.IMM_GEN_SIGN_EXTENDED), layer (1).
*Verdi* : Enable +trace_process and +all dumping.
*Verdi* : End of traversing.
*Verdi* : Flush all FSDB Files at 0 ns.

Verdi>fsdbDumpvars 1 "z_pipeline_tb.pipeline_prueba.INST_MEM.read_adr"  +all +trace_process;fsdbDumpflush 

*Verdi* : Dumping the signal (z_pipeline_tb.pipeline_prueba.INST_MEM.read_adr).
*Verdi* : Flush all FSDB Files at 0 ns.

Verdi>fsdbDumpvars 1 "z_pipeline_tb.pipeline_prueba.INST_MEM.clk"  +all +trace_process;fsdbDumpflush 

*Verdi* : Dumping the signal (z_pipeline_tb.pipeline_prueba.INST_MEM.clk).
*Verdi* : Flush all FSDB Files at 0 ns.

Verdi>fsdbDumpvars 1 "z_pipeline_tb.pipeline_prueba.INST_MEM.instruction"  +all +trace_process;fsdbDumpflush 

*Verdi* : Dumping the signal (z_pipeline_tb.pipeline_prueba.INST_MEM.instruction).
*Verdi* : Flush all FSDB Files at 0 ns.

Verdi>fsdbDumpvars 1 "z_pipeline_tb.pipeline_prueba.FORWARD_A_MUX"  +all +trace_process;fsdbDumpflush 

*Verdi* : Begin traversing the scope (z_pipeline_tb.pipeline_prueba.FORWARD_A_MUX), layer (1).
*Verdi* : Enable +trace_process and +all dumping.
*Verdi* : End of traversing.
*Verdi* : Flush all FSDB Files at 0 ns.

Verdi>run
PC:         x
Inst_Mem[          0]:|xxxxxxxxxxxxxxxxxxxxxxxxxxxxxxxx|
Inst_Mem[          1]:|xxxxxxxxxxxxxxxxxxxxxxxxxxxxxxxx|
Inst_Mem[          2]:|xxxxxxxxxxxxxxxxxxxxxxxxxxxxxxxx|
Inst_Mem[          3]:|xxxxxxxxxxxxxxxxxxxxxxxxxxxxxxxx|
Inst_Mem[          4]:|xxxxxxxxxxxxxxxxxxxxxxxxxxxxxxxx|
Inst_Mem[          5]:|xxxxxxxxxxxxxxxxxxxxxxxxxxxxxxxx|
Reg[          0]:(h)|xxxxxxxx|(d)|         x|
Reg[          1]:(h)|xxxxxxxx|(d)|         x|
Reg[          2]:(h)|xxxxxxxx|(d)|         x|
Reg[          3]:(h)|xxxxxxxx|(d)|         x|
Reg[          4]:(h)|xxxxxxxx|(d)|         x|
Data_Mem[          0]:(h)|xxxxxxxxxxxxxxxx|(d)|                   x|

ACTIVACION DE RESET

----------------
PC:         0
Inst_Mem[          0]:|00000001000000000010001010000011|
Inst_Mem[          1]:|00000000010100000000000110110011|
Inst_Mem[          2]:|00000000001100011000000110110011|
Inst_Mem[          3]:|00000000001100011000000110110011|
Inst_Mem[          4]:|00000000001100011000000110110011|
Inst_Mem[          5]:|00000000001100011000000110110011|
Reg[          0]:(h)|xxxxxxxx|(d)|         x|
Reg[          1]:(h)|xxxxxxxx|(d)|         x|
Reg[          2]:(h)|xxxxxxxx|(d)|         x|
Reg[          3]:(h)|xxxxxxxx|(d)|         x|
Reg[          4]:(h)|xxxxxxxx|(d)|         x|
Data_Mem[          0]:(h)|0000003400000003|(d)|        223338299395|
Data_Mem[          8]:(h)|000002710000012c|(d)|       2684354560300|
Data_Mem[         16]:(h)|0000001000000001|(d)|         68719476737|
Data_Mem[         24]:(h)|0000000000000000|(d)|                   0|
Data_Mem[         32]:(h)|0000000000000000|(d)|                   0|
----------------
-*-*-*-*-*-*-*-*-*-*-*-*-*-*-*-
PC:         1
Reg[          0]:(h)|00000000|(d)|         0|
Reg[          1]:(h)|00000000|(d)|         0|
Reg[          2]:(h)|00000000|(d)|         0|
Reg[          3]:(h)|00000000|(d)|         0|
Reg[          4]:(h)|00000000|(d)|         0|
Reg[          5]:(h)|00000000|(d)|         0|
Data_Mem[          0]:(h)|0000003400000003|(d)|        223338299395|
Data_Mem[          8]:(h)|000002710000012c|(d)|       2684354560300|
Data_Mem[         16]:(h)|0000001000000001|(d)|         68719476737|
Data_Mem[         24]:(h)|0000000000000000|(d)|                   0|
Data_Mem[         32]:(h)|0000000000000000|(d)|                   0|
Data_Mem[         40]:(h)|0000000000000000|(d)|                   0|
Data_Mem[         48]:(h)|0000000000000000|(d)|                   0|
Data_Mem[         56]:(h)|0000000000000000|(d)|                   0|
Data_Mem[         64]:(h)|0000000000000000|(d)|                   0|
-*-*-*-*-*-*-*-*-*-*-*-*-*-*-*-
PC:         2
Reg[          0]:(h)|00000000|(d)|         0|
Reg[          1]:(h)|00000000|(d)|         0|
Reg[          2]:(h)|00000000|(d)|         0|
Reg[          3]:(h)|00000000|(d)|         0|
Reg[          4]:(h)|00000000|(d)|         0|
Reg[          5]:(h)|00000000|(d)|         0|
Data_Mem[          0]:(h)|0000003400000003|(d)|        223338299395|
Data_Mem[          8]:(h)|000002710000012c|(d)|       2684354560300|
Data_Mem[         16]:(h)|0000001000000001|(d)|         68719476737|
Data_Mem[         24]:(h)|0000000000000000|(d)|                   0|
Data_Mem[         32]:(h)|0000000000000000|(d)|                   0|
Data_Mem[         40]:(h)|0000000000000000|(d)|                   0|
Data_Mem[         48]:(h)|0000000000000000|(d)|                   0|
Data_Mem[         56]:(h)|0000000000000000|(d)|                   0|
Data_Mem[         64]:(h)|0000000000000000|(d)|                   0|
-*-*-*-*-*-*-*-*-*-*-*-*-*-*-*-
PC:         2
Reg[          0]:(h)|00000000|(d)|         0|
Reg[          1]:(h)|00000000|(d)|         0|
Reg[          2]:(h)|00000000|(d)|         0|
Reg[          3]:(h)|00000000|(d)|         0|
Reg[          4]:(h)|00000000|(d)|         0|
Reg[          5]:(h)|00000000|(d)|         0|
Data_Mem[          0]:(h)|0000003400000003|(d)|        223338299395|
Data_Mem[          8]:(h)|000002710000012c|(d)|       2684354560300|
Data_Mem[         16]:(h)|0000001000000001|(d)|         68719476737|
Data_Mem[         24]:(h)|0000000000000000|(d)|                   0|
Data_Mem[         32]:(h)|0000000000000000|(d)|                   0|
Data_Mem[         40]:(h)|0000000000000000|(d)|                   0|
Data_Mem[         48]:(h)|0000000000000000|(d)|                   0|
Data_Mem[         56]:(h)|0000000000000000|(d)|                   0|
Data_Mem[         64]:(h)|0000000000000000|(d)|                   0|
-*-*-*-*-*-*-*-*-*-*-*-*-*-*-*-
PC:         3
Reg[          0]:(h)|00000000|(d)|         0|
Reg[          1]:(h)|00000000|(d)|         0|
Reg[          2]:(h)|00000000|(d)|         0|
Reg[          3]:(h)|00000000|(d)|         0|
Reg[          4]:(h)|00000000|(d)|         0|
Reg[          5]:(h)|00000000|(d)|         0|
Data_Mem[          0]:(h)|0000003400000003|(d)|        223338299395|
Data_Mem[          8]:(h)|000002710000012c|(d)|       2684354560300|
Data_Mem[         16]:(h)|0000001000000001|(d)|         68719476737|
Data_Mem[         24]:(h)|0000000000000000|(d)|                   0|
Data_Mem[         32]:(h)|0000000000000000|(d)|                   0|
Data_Mem[         40]:(h)|0000000000000000|(d)|                   0|
Data_Mem[         48]:(h)|0000000000000000|(d)|                   0|
Data_Mem[         56]:(h)|0000000000000000|(d)|                   0|
Data_Mem[         64]:(h)|0000000000000000|(d)|                   0|
-*-*-*-*-*-*-*-*-*-*-*-*-*-*-*-
PC:         4
Reg[          0]:(h)|00000000|(d)|         0|
Reg[          1]:(h)|00000000|(d)|         0|
Reg[          2]:(h)|00000000|(d)|         0|
Reg[          3]:(h)|00000000|(d)|         0|
Reg[          4]:(h)|00000000|(d)|         0|
Reg[          5]:(h)|00000001|(d)|         1|
Data_Mem[          0]:(h)|0000003400000003|(d)|        223338299395|
Data_Mem[          8]:(h)|000002710000012c|(d)|       2684354560300|
Data_Mem[         16]:(h)|0000001000000001|(d)|         68719476737|
Data_Mem[         24]:(h)|0000000000000000|(d)|                   0|
Data_Mem[         32]:(h)|0000000000000000|(d)|                   0|
Data_Mem[         40]:(h)|0000000000000000|(d)|                   0|
Data_Mem[         48]:(h)|0000000000000000|(d)|                   0|
Data_Mem[         56]:(h)|0000000000000000|(d)|                   0|
Data_Mem[         64]:(h)|0000000000000000|(d)|                   0|
-*-*-*-*-*-*-*-*-*-*-*-*-*-*-*-
PC:         5
Reg[          0]:(h)|00000000|(d)|         0|
Reg[          1]:(h)|00000000|(d)|         0|
Reg[          2]:(h)|00000000|(d)|         0|
Reg[          3]:(h)|00000000|(d)|         0|
Reg[          4]:(h)|00000000|(d)|         0|
Reg[          5]:(h)|00000001|(d)|         1|
Data_Mem[          0]:(h)|0000003400000003|(d)|        223338299395|
Data_Mem[          8]:(h)|000002710000012c|(d)|       2684354560300|
Data_Mem[         16]:(h)|0000001000000001|(d)|         68719476737|
Data_Mem[         24]:(h)|0000000000000000|(d)|                   0|
Data_Mem[         32]:(h)|0000000000000000|(d)|                   0|
Data_Mem[         40]:(h)|0000000000000000|(d)|                   0|
Data_Mem[         48]:(h)|0000000000000000|(d)|                   0|
Data_Mem[         56]:(h)|0000000000000000|(d)|                   0|
Data_Mem[         64]:(h)|0000000000000000|(d)|                   0|
-*-*-*-*-*-*-*-*-*-*-*-*-*-*-*-
PC:         6
Reg[          0]:(h)|00000000|(d)|         0|
Reg[          1]:(h)|00000000|(d)|         0|
Reg[          2]:(h)|00000000|(d)|         0|
Reg[          3]:(h)|00000001|(d)|         1|
Reg[          4]:(h)|00000000|(d)|         0|
Reg[          5]:(h)|00000001|(d)|         1|
Data_Mem[          0]:(h)|0000003400000003|(d)|        223338299395|
Data_Mem[          8]:(h)|000002710000012c|(d)|       2684354560300|
Data_Mem[         16]:(h)|0000001000000001|(d)|         68719476737|
Data_Mem[         24]:(h)|0000000000000000|(d)|                   0|
Data_Mem[         32]:(h)|0000000000000000|(d)|                   0|
Data_Mem[         40]:(h)|0000000000000000|(d)|                   0|
Data_Mem[         48]:(h)|0000000000000000|(d)|                   0|
Data_Mem[         56]:(h)|0000000000000000|(d)|                   0|
Data_Mem[         64]:(h)|0000000000000000|(d)|                   0|
-*-*-*-*-*-*-*-*-*-*-*-*-*-*-*-
PC:         7
Reg[          0]:(h)|00000000|(d)|         0|
Reg[          1]:(h)|00000000|(d)|         0|
Reg[          2]:(h)|00000000|(d)|         0|
Reg[          3]:(h)|00000002|(d)|         2|
Reg[          4]:(h)|00000000|(d)|         0|
Reg[          5]:(h)|00000001|(d)|         1|
Data_Mem[          0]:(h)|0000003400000003|(d)|        223338299395|
Data_Mem[          8]:(h)|000002710000012c|(d)|       2684354560300|
Data_Mem[         16]:(h)|0000001000000001|(d)|         68719476737|
Data_Mem[         24]:(h)|0000000000000000|(d)|                   0|
Data_Mem[         32]:(h)|0000000000000000|(d)|                   0|
Data_Mem[         40]:(h)|0000000000000000|(d)|                   0|
Data_Mem[         48]:(h)|0000000000000000|(d)|                   0|
Data_Mem[         56]:(h)|0000000000000000|(d)|                   0|
Data_Mem[         64]:(h)|0000000000000000|(d)|                   0|
-*-*-*-*-*-*-*-*-*-*-*-*-*-*-*-
PC:         8
Reg[          0]:(h)|00000000|(d)|         0|
Reg[          1]:(h)|00000000|(d)|         0|
Reg[          2]:(h)|00000000|(d)|         0|
Reg[          3]:(h)|00000004|(d)|         4|
Reg[          4]:(h)|00000000|(d)|         0|
Reg[          5]:(h)|00000001|(d)|         1|
Data_Mem[          0]:(h)|0000003400000003|(d)|        223338299395|
Data_Mem[          8]:(h)|000002710000012c|(d)|       2684354560300|
Data_Mem[         16]:(h)|0000001000000001|(d)|         68719476737|
Data_Mem[         24]:(h)|0000000000000000|(d)|                   0|
Data_Mem[         32]:(h)|0000000000000000|(d)|                   0|
Data_Mem[         40]:(h)|0000000000000000|(d)|                   0|
Data_Mem[         48]:(h)|0000000000000000|(d)|                   0|
Data_Mem[         56]:(h)|0000000000000000|(d)|                   0|
Data_Mem[         64]:(h)|0000000000000000|(d)|                   0|
-*-*-*-*-*-*-*-*-*-*-*-*-*-*-*-
PC:         9
Reg[          0]:(h)|00000000|(d)|         0|
Reg[          1]:(h)|00000000|(d)|         0|
Reg[          2]:(h)|00000000|(d)|         0|
Reg[          3]:(h)|00000008|(d)|         8|
Reg[          4]:(h)|00000000|(d)|         0|
Reg[          5]:(h)|00000001|(d)|         1|
Data_Mem[          0]:(h)|0000003400000003|(d)|        223338299395|
Data_Mem[          8]:(h)|000002710000012c|(d)|       2684354560300|
Data_Mem[         16]:(h)|0000001000000001|(d)|         68719476737|
Data_Mem[         24]:(h)|0000000000000000|(d)|                   0|
Data_Mem[         32]:(h)|0000000000000000|(d)|                   0|
Data_Mem[         40]:(h)|0000000000000000|(d)|                   0|
Data_Mem[         48]:(h)|0000000000000000|(d)|                   0|
Data_Mem[         56]:(h)|0000000000000000|(d)|                   0|
Data_Mem[         64]:(h)|0000000000000000|(d)|                   0|
-*-*-*-*-*-*-*-*-*-*-*-*-*-*-*-
PC:        10
Reg[          0]:(h)|00000000|(d)|         0|
Reg[          1]:(h)|00000000|(d)|         0|
Reg[          2]:(h)|00000000|(d)|         0|
Reg[          3]:(h)|00000010|(d)|        16|
Reg[          4]:(h)|00000000|(d)|         0|
Reg[          5]:(h)|00000001|(d)|         1|
Data_Mem[          0]:(h)|0000003400000003|(d)|        223338299395|
Data_Mem[          8]:(h)|000002710000012c|(d)|       2684354560300|
Data_Mem[         16]:(h)|0000001000000001|(d)|         68719476737|
Data_Mem[         24]:(h)|0000000000000000|(d)|                   0|
Data_Mem[         32]:(h)|0000000000000000|(d)|                   0|
Data_Mem[         40]:(h)|0000000000000000|(d)|                   0|
Data_Mem[         48]:(h)|0000000000000000|(d)|                   0|
Data_Mem[         56]:(h)|0000000000000000|(d)|                   0|
Data_Mem[         64]:(h)|0000000000000000|(d)|                   0|
-*-*-*-*-*-*-*-*-*-*-*-*-*-*-*-
PC:        11
Reg[          0]:(h)|00000000|(d)|         0|
Reg[          1]:(h)|00000000|(d)|         0|
Reg[          2]:(h)|00000000|(d)|         0|
Reg[          3]:(h)|00000020|(d)|        32|
Reg[          4]:(h)|00000000|(d)|         0|
Reg[          5]:(h)|00000001|(d)|         1|
Data_Mem[          0]:(h)|0000003400000003|(d)|        223338299395|
Data_Mem[          8]:(h)|000002710000012c|(d)|       2684354560300|
Data_Mem[         16]:(h)|0000001000000001|(d)|         68719476737|
Data_Mem[         24]:(h)|0000000000000000|(d)|                   0|
Data_Mem[         32]:(h)|0000000000000000|(d)|                   0|
Data_Mem[         40]:(h)|0000000000000000|(d)|                   0|
Data_Mem[         48]:(h)|0000000000000000|(d)|                   0|
Data_Mem[         56]:(h)|0000000000000000|(d)|                   0|
Data_Mem[         64]:(h)|0000000000000000|(d)|                   0|
-*-*-*-*-*-*-*-*-*-*-*-*-*-*-*-
PC:        12
Reg[          0]:(h)|00000000|(d)|         0|
Reg[          1]:(h)|00000000|(d)|         0|
Reg[          2]:(h)|00000000|(d)|         0|
Reg[          3]:(h)|00000040|(d)|        64|
Reg[          4]:(h)|00000000|(d)|         0|
Reg[          5]:(h)|00000001|(d)|         1|
Data_Mem[          0]:(h)|0000003400000003|(d)|        223338299395|
Data_Mem[          8]:(h)|000002710000012c|(d)|       2684354560300|
Data_Mem[         16]:(h)|0000001000000001|(d)|         68719476737|
Data_Mem[         24]:(h)|0000000000000000|(d)|                   0|
Data_Mem[         32]:(h)|0000000000000000|(d)|                   0|
Data_Mem[         40]:(h)|0000000000000000|(d)|                   0|
Data_Mem[         48]:(h)|0000000000000000|(d)|                   0|
Data_Mem[         56]:(h)|0000000000000000|(d)|                   0|
Data_Mem[         64]:(h)|0000000000000000|(d)|                   0|
-*-*-*-*-*-*-*-*-*-*-*-*-*-*-*-
PC:        13
Reg[          0]:(h)|00000000|(d)|         0|
Reg[          1]:(h)|00000000|(d)|         0|
Reg[          2]:(h)|00000000|(d)|         0|
Reg[          3]:(h)|00000080|(d)|       128|
Reg[          4]:(h)|00000000|(d)|         0|
Reg[          5]:(h)|00000001|(d)|         1|
Data_Mem[          0]:(h)|0000003400000003|(d)|        223338299395|
Data_Mem[          8]:(h)|000002710000012c|(d)|       2684354560300|
Data_Mem[         16]:(h)|0000001000000001|(d)|         68719476737|
Data_Mem[         24]:(h)|0000000000000000|(d)|                   0|
Data_Mem[         32]:(h)|0000000000000000|(d)|                   0|
Data_Mem[         40]:(h)|0000000000000000|(d)|                   0|
Data_Mem[         48]:(h)|0000000000000000|(d)|                   0|
Data_Mem[         56]:(h)|0000000000000000|(d)|                   0|
Data_Mem[         64]:(h)|0000000000000000|(d)|                   0|
-*-*-*-*-*-*-*-*-*-*-*-*-*-*-*-
PC:        12
Reg[          0]:(h)|00000000|(d)|         0|
Reg[          1]:(h)|00000000|(d)|         0|
Reg[          2]:(h)|00000000|(d)|         0|
Reg[          3]:(h)|00000100|(d)|       256|
Reg[          4]:(h)|00000000|(d)|         0|
Reg[          5]:(h)|00000001|(d)|         1|
Data_Mem[          0]:(h)|0000003400000003|(d)|        223338299395|
Data_Mem[          8]:(h)|000002710000012c|(d)|       2684354560300|
Data_Mem[         16]:(h)|0000001000000001|(d)|         68719476737|
Data_Mem[         24]:(h)|0000000000000000|(d)|                   0|
Data_Mem[         32]:(h)|0000000000000000|(d)|                   0|
Data_Mem[         40]:(h)|0000000000000000|(d)|                   0|
Data_Mem[         48]:(h)|0000000000000000|(d)|                   0|
Data_Mem[         56]:(h)|0000000000000000|(d)|                   0|
Data_Mem[         64]:(h)|0000000000000000|(d)|                   0|
-*-*-*-*-*-*-*-*-*-*-*-*-*-*-*-
PC:        13
Reg[          0]:(h)|00000000|(d)|         0|
Reg[          1]:(h)|00000000|(d)|         0|
Reg[          2]:(h)|00000000|(d)|         0|
Reg[          3]:(h)|00000200|(d)|       512|
Reg[          4]:(h)|00000000|(d)|         0|
Reg[          5]:(h)|00000001|(d)|         1|
Data_Mem[          0]:(h)|0000003400000003|(d)|        223338299395|
Data_Mem[          8]:(h)|000002710000012c|(d)|       2684354560300|
Data_Mem[         16]:(h)|0000001000000200|(d)|         68719477248|
Data_Mem[         24]:(h)|0000000000000000|(d)|                   0|
Data_Mem[         32]:(h)|0000000000000000|(d)|                   0|
Data_Mem[         40]:(h)|0000000000000000|(d)|                   0|
Data_Mem[         48]:(h)|0000000000000000|(d)|                   0|
Data_Mem[         56]:(h)|0000000000000000|(d)|                   0|
Data_Mem[         64]:(h)|0000000000000000|(d)|                   0|
-*-*-*-*-*-*-*-*-*-*-*-*-*-*-*-
PC:        12
Reg[          0]:(h)|00000000|(d)|         0|
Reg[          1]:(h)|00000000|(d)|         0|
Reg[          2]:(h)|00000000|(d)|         0|
Reg[          3]:(h)|00000200|(d)|       512|
Reg[          4]:(h)|00000000|(d)|         0|
Reg[          5]:(h)|00000001|(d)|         1|
Data_Mem[          0]:(h)|0000003400000003|(d)|        223338299395|
Data_Mem[          8]:(h)|000002710000012c|(d)|       2684354560300|
Data_Mem[         16]:(h)|0000001000000200|(d)|         68719477248|
Data_Mem[         24]:(h)|0000000000000000|(d)|                   0|
Data_Mem[         32]:(h)|0000000000000000|(d)|                   0|
Data_Mem[         40]:(h)|0000000000000000|(d)|                   0|
Data_Mem[         48]:(h)|0000000000000000|(d)|                   0|
Data_Mem[         56]:(h)|0000000000000000|(d)|                   0|
Data_Mem[         64]:(h)|0000000000000000|(d)|                   0|
-*-*-*-*-*-*-*-*-*-*-*-*-*-*-*-
PC:        13
Reg[          0]:(h)|00000000|(d)|         0|
Reg[          1]:(h)|00000000|(d)|         0|
Reg[          2]:(h)|00000000|(d)|         0|
Reg[          3]:(h)|00000200|(d)|       512|
Reg[          4]:(h)|00000000|(d)|         0|
Reg[          5]:(h)|00000001|(d)|         1|
Data_Mem[          0]:(h)|0000003400000003|(d)|        223338299395|
Data_Mem[          8]:(h)|000002710000012c|(d)|       2684354560300|
Data_Mem[         16]:(h)|0000001000000200|(d)|         68719477248|
Data_Mem[         24]:(h)|0000000000000000|(d)|                   0|
Data_Mem[         32]:(h)|0000000000000000|(d)|                   0|
Data_Mem[         40]:(h)|0000000000000000|(d)|                   0|
Data_Mem[         48]:(h)|0000000000000000|(d)|                   0|
Data_Mem[         56]:(h)|0000000000000000|(d)|                   0|
Data_Mem[         64]:(h)|0000000000000000|(d)|                   0|
-*-*-*-*-*-*-*-*-*-*-*-*-*-*-*-
PC:        12
Reg[          0]:(h)|00000000|(d)|         0|
Reg[          1]:(h)|00000000|(d)|         0|
Reg[          2]:(h)|00000000|(d)|         0|
Reg[          3]:(h)|00000200|(d)|       512|
Reg[          4]:(h)|00000000|(d)|         0|
Reg[          5]:(h)|00000001|(d)|         1|
Data_Mem[          0]:(h)|0000003400000003|(d)|        223338299395|
Data_Mem[          8]:(h)|000002710000012c|(d)|       2684354560300|
Data_Mem[         16]:(h)|0000001000000200|(d)|         68719477248|
Data_Mem[         24]:(h)|0000000000000000|(d)|                   0|
Data_Mem[         32]:(h)|0000000000000000|(d)|                   0|
Data_Mem[         40]:(h)|0000000000000000|(d)|                   0|
Data_Mem[         48]:(h)|0000000000000000|(d)|                   0|
Data_Mem[         56]:(h)|0000000000000000|(d)|                   0|
Data_Mem[         64]:(h)|0000000000000000|(d)|                   0|
-*-*-*-*-*-*-*-*-*-*-*-*-*-*-*-
PC:        13
Reg[          0]:(h)|00000000|(d)|         0|
Reg[          1]:(h)|00000000|(d)|         0|
Reg[          2]:(h)|00000000|(d)|         0|
Reg[          3]:(h)|00000200|(d)|       512|
Reg[          4]:(h)|00000000|(d)|         0|
Reg[          5]:(h)|00000001|(d)|         1|
Data_Mem[          0]:(h)|0000003400000003|(d)|        223338299395|
Data_Mem[          8]:(h)|000002710000012c|(d)|       2684354560300|
Data_Mem[         16]:(h)|0000001000000200|(d)|         68719477248|
Data_Mem[         24]:(h)|0000000000000000|(d)|                   0|
Data_Mem[         32]:(h)|0000000000000000|(d)|                   0|
Data_Mem[         40]:(h)|0000000000000000|(d)|                   0|
Data_Mem[         48]:(h)|0000000000000000|(d)|                   0|
Data_Mem[         56]:(h)|0000000000000000|(d)|                   0|
Data_Mem[         64]:(h)|0000000000000000|(d)|                   0|
-*-*-*-*-*-*-*-*-*-*-*-*-*-*-*-
PC:        12
Reg[          0]:(h)|00000000|(d)|         0|
Reg[          1]:(h)|00000000|(d)|         0|
Reg[          2]:(h)|00000000|(d)|         0|
Reg[          3]:(h)|00000200|(d)|       512|
Reg[          4]:(h)|00000000|(d)|         0|
Reg[          5]:(h)|00000001|(d)|         1|
Data_Mem[          0]:(h)|0000003400000003|(d)|        223338299395|
Data_Mem[          8]:(h)|000002710000012c|(d)|       2684354560300|
Data_Mem[         16]:(h)|0000001000000200|(d)|         68719477248|
Data_Mem[         24]:(h)|0000000000000000|(d)|                   0|
Data_Mem[         32]:(h)|0000000000000000|(d)|                   0|
Data_Mem[         40]:(h)|0000000000000000|(d)|                   0|
Data_Mem[         48]:(h)|0000000000000000|(d)|                   0|
Data_Mem[         56]:(h)|0000000000000000|(d)|                   0|
Data_Mem[         64]:(h)|0000000000000000|(d)|                   0|
-*-*-*-*-*-*-*-*-*-*-*-*-*-*-*-
PC:        13
Reg[          0]:(h)|00000000|(d)|         0|
Reg[          1]:(h)|00000000|(d)|         0|
Reg[          2]:(h)|00000000|(d)|         0|
Reg[          3]:(h)|00000200|(d)|       512|
Reg[          4]:(h)|00000000|(d)|         0|
Reg[          5]:(h)|00000001|(d)|         1|
Data_Mem[          0]:(h)|0000003400000003|(d)|        223338299395|
Data_Mem[          8]:(h)|000002710000012c|(d)|       2684354560300|
Data_Mem[         16]:(h)|0000001000000200|(d)|         68719477248|
Data_Mem[         24]:(h)|0000000000000000|(d)|                   0|
Data_Mem[         32]:(h)|0000000000000000|(d)|                   0|
Data_Mem[         40]:(h)|0000000000000000|(d)|                   0|
Data_Mem[         48]:(h)|0000000000000000|(d)|                   0|
Data_Mem[         56]:(h)|0000000000000000|(d)|                   0|
Data_Mem[         64]:(h)|0000000000000000|(d)|                   0|
-*-*-*-*-*-*-*-*-*-*-*-*-*-*-*-
PC:        12
Reg[          0]:(h)|00000000|(d)|         0|
Reg[          1]:(h)|00000000|(d)|         0|
Reg[          2]:(h)|00000000|(d)|         0|
Reg[          3]:(h)|00000200|(d)|       512|
Reg[          4]:(h)|00000000|(d)|         0|
Reg[          5]:(h)|00000001|(d)|         1|
Data_Mem[          0]:(h)|0000003400000003|(d)|        223338299395|
Data_Mem[          8]:(h)|000002710000012c|(d)|       2684354560300|
Data_Mem[         16]:(h)|0000001000000200|(d)|         68719477248|
Data_Mem[         24]:(h)|0000000000000000|(d)|                   0|
Data_Mem[         32]:(h)|0000000000000000|(d)|                   0|
Data_Mem[         40]:(h)|0000000000000000|(d)|                   0|
Data_Mem[         48]:(h)|0000000000000000|(d)|                   0|
Data_Mem[         56]:(h)|0000000000000000|(d)|                   0|
Data_Mem[         64]:(h)|0000000000000000|(d)|                   0|
-*-*-*-*-*-*-*-*-*-*-*-*-*-*-*-
PC:        13
Reg[          0]:(h)|00000000|(d)|         0|
Reg[          1]:(h)|00000000|(d)|         0|
Reg[          2]:(h)|00000000|(d)|         0|
Reg[          3]:(h)|00000200|(d)|       512|
Reg[          4]:(h)|00000000|(d)|         0|
Reg[          5]:(h)|00000001|(d)|         1|
Data_Mem[          0]:(h)|0000003400000003|(d)|        223338299395|
Data_Mem[          8]:(h)|000002710000012c|(d)|       2684354560300|
Data_Mem[         16]:(h)|0000001000000200|(d)|         68719477248|
Data_Mem[         24]:(h)|0000000000000000|(d)|                   0|
Data_Mem[         32]:(h)|0000000000000000|(d)|                   0|
Data_Mem[         40]:(h)|0000000000000000|(d)|                   0|
Data_Mem[         48]:(h)|0000000000000000|(d)|                   0|
Data_Mem[         56]:(h)|0000000000000000|(d)|                   0|
Data_Mem[         64]:(h)|0000000000000000|(d)|                   0|
-*-*-*-*-*-*-*-*-*-*-*-*-*-*-*-
PC:        12
Reg[          0]:(h)|00000000|(d)|         0|
Reg[          1]:(h)|00000000|(d)|         0|
Reg[          2]:(h)|00000000|(d)|         0|
Reg[          3]:(h)|00000200|(d)|       512|
Reg[          4]:(h)|00000000|(d)|         0|
Reg[          5]:(h)|00000001|(d)|         1|
Data_Mem[          0]:(h)|0000003400000003|(d)|        223338299395|
Data_Mem[          8]:(h)|000002710000012c|(d)|       2684354560300|
Data_Mem[         16]:(h)|0000001000000200|(d)|         68719477248|
Data_Mem[         24]:(h)|0000000000000000|(d)|                   0|
Data_Mem[         32]:(h)|0000000000000000|(d)|                   0|
Data_Mem[         40]:(h)|0000000000000000|(d)|                   0|
Data_Mem[         48]:(h)|0000000000000000|(d)|                   0|
Data_Mem[         56]:(h)|0000000000000000|(d)|                   0|
Data_Mem[         64]:(h)|0000000000000000|(d)|                   0|
-*-*-*-*-*-*-*-*-*-*-*-*-*-*-*-
PC:        13
Reg[          0]:(h)|00000000|(d)|         0|
Reg[          1]:(h)|00000000|(d)|         0|
Reg[          2]:(h)|00000000|(d)|         0|
Reg[          3]:(h)|00000200|(d)|       512|
Reg[          4]:(h)|00000000|(d)|         0|
Reg[          5]:(h)|00000001|(d)|         1|
Data_Mem[          0]:(h)|0000003400000003|(d)|        223338299395|
Data_Mem[          8]:(h)|000002710000012c|(d)|       2684354560300|
Data_Mem[         16]:(h)|0000001000000200|(d)|         68719477248|
Data_Mem[         24]:(h)|0000000000000000|(d)|                   0|
Data_Mem[         32]:(h)|0000000000000000|(d)|                   0|
Data_Mem[         40]:(h)|0000000000000000|(d)|                   0|
Data_Mem[         48]:(h)|0000000000000000|(d)|                   0|
Data_Mem[         56]:(h)|0000000000000000|(d)|                   0|
Data_Mem[         64]:(h)|0000000000000000|(d)|                   0|
-*-*-*-*-*-*-*-*-*-*-*-*-*-*-*-
PC:        12
Reg[          0]:(h)|00000000|(d)|         0|
Reg[          1]:(h)|00000000|(d)|         0|
Reg[          2]:(h)|00000000|(d)|         0|
Reg[          3]:(h)|00000200|(d)|       512|
Reg[          4]:(h)|00000000|(d)|         0|
Reg[          5]:(h)|00000001|(d)|         1|
Data_Mem[          0]:(h)|0000003400000003|(d)|        223338299395|
Data_Mem[          8]:(h)|000002710000012c|(d)|       2684354560300|
Data_Mem[         16]:(h)|0000001000000200|(d)|         68719477248|
Data_Mem[         24]:(h)|0000000000000000|(d)|                   0|
Data_Mem[         32]:(h)|0000000000000000|(d)|                   0|
Data_Mem[         40]:(h)|0000000000000000|(d)|                   0|
Data_Mem[         48]:(h)|0000000000000000|(d)|                   0|
Data_Mem[         56]:(h)|0000000000000000|(d)|                   0|
Data_Mem[         64]:(h)|0000000000000000|(d)|                   0|
-*-*-*-*-*-*-*-*-*-*-*-*-*-*-*-
PC:        13
Reg[          0]:(h)|00000000|(d)|         0|
Reg[          1]:(h)|00000000|(d)|         0|
Reg[          2]:(h)|00000000|(d)|         0|
Reg[          3]:(h)|00000200|(d)|       512|
Reg[          4]:(h)|00000000|(d)|         0|
Reg[          5]:(h)|00000001|(d)|         1|
Data_Mem[          0]:(h)|0000003400000003|(d)|        223338299395|
Data_Mem[          8]:(h)|000002710000012c|(d)|       2684354560300|
Data_Mem[         16]:(h)|0000001000000200|(d)|         68719477248|
Data_Mem[         24]:(h)|0000000000000000|(d)|                   0|
Data_Mem[         32]:(h)|0000000000000000|(d)|                   0|
Data_Mem[         40]:(h)|0000000000000000|(d)|                   0|
Data_Mem[         48]:(h)|0000000000000000|(d)|                   0|
Data_Mem[         56]:(h)|0000000000000000|(d)|                   0|
Data_Mem[         64]:(h)|0000000000000000|(d)|                   0|
-*-*-*-*-*-*-*-*-*-*-*-*-*-*-*-
PC:        12
Reg[          0]:(h)|00000000|(d)|         0|
Reg[          1]:(h)|00000000|(d)|         0|
Reg[          2]:(h)|00000000|(d)|         0|
Reg[          3]:(h)|00000200|(d)|       512|
Reg[          4]:(h)|00000000|(d)|         0|
Reg[          5]:(h)|00000001|(d)|         1|
Data_Mem[          0]:(h)|0000003400000003|(d)|        223338299395|
Data_Mem[          8]:(h)|000002710000012c|(d)|       2684354560300|
Data_Mem[         16]:(h)|0000001000000200|(d)|         68719477248|
Data_Mem[         24]:(h)|0000000000000000|(d)|                   0|
Data_Mem[         32]:(h)|0000000000000000|(d)|                   0|
Data_Mem[         40]:(h)|0000000000000000|(d)|                   0|
Data_Mem[         48]:(h)|0000000000000000|(d)|                   0|
Data_Mem[         56]:(h)|0000000000000000|(d)|                   0|
Data_Mem[         64]:(h)|0000000000000000|(d)|                   0|
-*-*-*-*-*-*-*-*-*-*-*-*-*-*-*-
PC:        13
Reg[          0]:(h)|00000000|(d)|         0|
Reg[          1]:(h)|00000000|(d)|         0|
Reg[          2]:(h)|00000000|(d)|         0|
Reg[          3]:(h)|00000200|(d)|       512|
Reg[          4]:(h)|00000000|(d)|         0|
Reg[          5]:(h)|00000001|(d)|         1|
Data_Mem[          0]:(h)|0000003400000003|(d)|        223338299395|
Data_Mem[          8]:(h)|000002710000012c|(d)|       2684354560300|
Data_Mem[         16]:(h)|0000001000000200|(d)|         68719477248|
Data_Mem[         24]:(h)|0000000000000000|(d)|                   0|
Data_Mem[         32]:(h)|0000000000000000|(d)|                   0|
Data_Mem[         40]:(h)|0000000000000000|(d)|                   0|
Data_Mem[         48]:(h)|0000000000000000|(d)|                   0|
Data_Mem[         56]:(h)|0000000000000000|(d)|                   0|
Data_Mem[         64]:(h)|0000000000000000|(d)|                   0|
-*-*-*-*-*-*-*-*-*-*-*-*-*-*-*-
PC:        12
Reg[          0]:(h)|00000000|(d)|         0|
Reg[          1]:(h)|00000000|(d)|         0|
Reg[          2]:(h)|00000000|(d)|         0|
Reg[          3]:(h)|00000200|(d)|       512|
Reg[          4]:(h)|00000000|(d)|         0|
Reg[          5]:(h)|00000001|(d)|         1|
Data_Mem[          0]:(h)|0000003400000003|(d)|        223338299395|
Data_Mem[          8]:(h)|000002710000012c|(d)|       2684354560300|
Data_Mem[         16]:(h)|0000001000000200|(d)|         68719477248|
Data_Mem[         24]:(h)|0000000000000000|(d)|                   0|
Data_Mem[         32]:(h)|0000000000000000|(d)|                   0|
Data_Mem[         40]:(h)|0000000000000000|(d)|                   0|
Data_Mem[         48]:(h)|0000000000000000|(d)|                   0|
Data_Mem[         56]:(h)|0000000000000000|(d)|                   0|
Data_Mem[         64]:(h)|0000000000000000|(d)|                   0|
-*-*-*-*-*-*-*-*-*-*-*-*-*-*-*-
PC:        13
Reg[          0]:(h)|00000000|(d)|         0|
Reg[          1]:(h)|00000000|(d)|         0|
Reg[          2]:(h)|00000000|(d)|         0|
Reg[          3]:(h)|00000200|(d)|       512|
Reg[          4]:(h)|00000000|(d)|         0|
Reg[          5]:(h)|00000001|(d)|         1|
Data_Mem[          0]:(h)|0000003400000003|(d)|        223338299395|
Data_Mem[          8]:(h)|000002710000012c|(d)|       2684354560300|
Data_Mem[         16]:(h)|0000001000000200|(d)|         68719477248|
Data_Mem[         24]:(h)|0000000000000000|(d)|                   0|
Data_Mem[         32]:(h)|0000000000000000|(d)|                   0|
Data_Mem[         40]:(h)|0000000000000000|(d)|                   0|
Data_Mem[         48]:(h)|0000000000000000|(d)|                   0|
Data_Mem[         56]:(h)|0000000000000000|(d)|                   0|
Data_Mem[         64]:(h)|0000000000000000|(d)|                   0|
-*-*-*-*-*-*-*-*-*-*-*-*-*-*-*-
PC:        12
Reg[          0]:(h)|00000000|(d)|         0|
Reg[          1]:(h)|00000000|(d)|         0|
Reg[          2]:(h)|00000000|(d)|         0|
Reg[          3]:(h)|00000200|(d)|       512|
Reg[          4]:(h)|00000000|(d)|         0|
Reg[          5]:(h)|00000001|(d)|         1|
Data_Mem[          0]:(h)|0000003400000003|(d)|        223338299395|
Data_Mem[          8]:(h)|000002710000012c|(d)|       2684354560300|
Data_Mem[         16]:(h)|0000001000000200|(d)|         68719477248|
Data_Mem[         24]:(h)|0000000000000000|(d)|                   0|
Data_Mem[         32]:(h)|0000000000000000|(d)|                   0|
Data_Mem[         40]:(h)|0000000000000000|(d)|                   0|
Data_Mem[         48]:(h)|0000000000000000|(d)|                   0|
Data_Mem[         56]:(h)|0000000000000000|(d)|                   0|
Data_Mem[         64]:(h)|0000000000000000|(d)|                   0|
-*-*-*-*-*-*-*-*-*-*-*-*-*-*-*-
PC:        13
Reg[          0]:(h)|00000000|(d)|         0|
Reg[          1]:(h)|00000000|(d)|         0|
Reg[          2]:(h)|00000000|(d)|         0|
Reg[          3]:(h)|00000200|(d)|       512|
Reg[          4]:(h)|00000000|(d)|         0|
Reg[          5]:(h)|00000001|(d)|         1|
Data_Mem[          0]:(h)|0000003400000003|(d)|        223338299395|
Data_Mem[          8]:(h)|000002710000012c|(d)|       2684354560300|
Data_Mem[         16]:(h)|0000001000000200|(d)|         68719477248|
Data_Mem[         24]:(h)|0000000000000000|(d)|                   0|
Data_Mem[         32]:(h)|0000000000000000|(d)|                   0|
Data_Mem[         40]:(h)|0000000000000000|(d)|                   0|
Data_Mem[         48]:(h)|0000000000000000|(d)|                   0|
Data_Mem[         56]:(h)|0000000000000000|(d)|                   0|
Data_Mem[         64]:(h)|0000000000000000|(d)|                   0|
-*-*-*-*-*-*-*-*-*-*-*-*-*-*-*-
PC:        12
Reg[          0]:(h)|00000000|(d)|         0|
Reg[          1]:(h)|00000000|(d)|         0|
Reg[          2]:(h)|00000000|(d)|         0|
Reg[          3]:(h)|00000200|(d)|       512|
Reg[          4]:(h)|00000000|(d)|         0|
Reg[          5]:(h)|00000001|(d)|         1|
Data_Mem[          0]:(h)|0000003400000003|(d)|        223338299395|
Data_Mem[          8]:(h)|000002710000012c|(d)|       2684354560300|
Data_Mem[         16]:(h)|0000001000000200|(d)|         68719477248|
Data_Mem[         24]:(h)|0000000000000000|(d)|                   0|
Data_Mem[         32]:(h)|0000000000000000|(d)|                   0|
Data_Mem[         40]:(h)|0000000000000000|(d)|                   0|
Data_Mem[         48]:(h)|0000000000000000|(d)|                   0|
Data_Mem[         56]:(h)|0000000000000000|(d)|                   0|
Data_Mem[         64]:(h)|0000000000000000|(d)|                   0|
-*-*-*-*-*-*-*-*-*-*-*-*-*-*-*-
PC:        13
Reg[          0]:(h)|00000000|(d)|         0|
Reg[          1]:(h)|00000000|(d)|         0|
Reg[          2]:(h)|00000000|(d)|         0|
Reg[          3]:(h)|00000200|(d)|       512|
Reg[          4]:(h)|00000000|(d)|         0|
Reg[          5]:(h)|00000001|(d)|         1|
Data_Mem[          0]:(h)|0000003400000003|(d)|        223338299395|
Data_Mem[          8]:(h)|000002710000012c|(d)|       2684354560300|
Data_Mem[         16]:(h)|0000001000000200|(d)|         68719477248|
Data_Mem[         24]:(h)|0000000000000000|(d)|                   0|
Data_Mem[         32]:(h)|0000000000000000|(d)|                   0|
Data_Mem[         40]:(h)|0000000000000000|(d)|                   0|
Data_Mem[         48]:(h)|0000000000000000|(d)|                   0|
Data_Mem[         56]:(h)|0000000000000000|(d)|                   0|
Data_Mem[         64]:(h)|0000000000000000|(d)|                   0|
-*-*-*-*-*-*-*-*-*-*-*-*-*-*-*-
PC:        12
Reg[          0]:(h)|00000000|(d)|         0|
Reg[          1]:(h)|00000000|(d)|         0|
Reg[          2]:(h)|00000000|(d)|         0|
Reg[          3]:(h)|00000200|(d)|       512|
Reg[          4]:(h)|00000000|(d)|         0|
Reg[          5]:(h)|00000001|(d)|         1|
Data_Mem[          0]:(h)|0000003400000003|(d)|        223338299395|
Data_Mem[          8]:(h)|000002710000012c|(d)|       2684354560300|
Data_Mem[         16]:(h)|0000001000000200|(d)|         68719477248|
Data_Mem[         24]:(h)|0000000000000000|(d)|                   0|
Data_Mem[         32]:(h)|0000000000000000|(d)|                   0|
Data_Mem[         40]:(h)|0000000000000000|(d)|                   0|
Data_Mem[         48]:(h)|0000000000000000|(d)|                   0|
Data_Mem[         56]:(h)|0000000000000000|(d)|                   0|
Data_Mem[         64]:(h)|0000000000000000|(d)|                   0|
-*-*-*-*-*-*-*-*-*-*-*-*-*-*-*-
PC:        13
Reg[          0]:(h)|00000000|(d)|         0|
Reg[          1]:(h)|00000000|(d)|         0|
Reg[          2]:(h)|00000000|(d)|         0|
Reg[          3]:(h)|00000200|(d)|       512|
Reg[          4]:(h)|00000000|(d)|         0|
Reg[          5]:(h)|00000001|(d)|         1|
Data_Mem[          0]:(h)|0000003400000003|(d)|        223338299395|
Data_Mem[          8]:(h)|000002710000012c|(d)|       2684354560300|
Data_Mem[         16]:(h)|0000001000000200|(d)|         68719477248|
Data_Mem[         24]:(h)|0000000000000000|(d)|                   0|
Data_Mem[         32]:(h)|0000000000000000|(d)|                   0|
Data_Mem[         40]:(h)|0000000000000000|(d)|                   0|
Data_Mem[         48]:(h)|0000000000000000|(d)|                   0|
Data_Mem[         56]:(h)|0000000000000000|(d)|                   0|
Data_Mem[         64]:(h)|0000000000000000|(d)|                   0|
-*-*-*-*-*-*-*-*-*-*-*-*-*-*-*-
PC:        12
Reg[          0]:(h)|00000000|(d)|         0|
Reg[          1]:(h)|00000000|(d)|         0|
Reg[          2]:(h)|00000000|(d)|         0|
Reg[          3]:(h)|00000200|(d)|       512|
Reg[          4]:(h)|00000000|(d)|         0|
Reg[          5]:(h)|00000001|(d)|         1|
Data_Mem[          0]:(h)|0000003400000003|(d)|        223338299395|
Data_Mem[          8]:(h)|000002710000012c|(d)|       2684354560300|
Data_Mem[         16]:(h)|0000001000000200|(d)|         68719477248|
Data_Mem[         24]:(h)|0000000000000000|(d)|                   0|
Data_Mem[         32]:(h)|0000000000000000|(d)|                   0|
Data_Mem[         40]:(h)|0000000000000000|(d)|                   0|
Data_Mem[         48]:(h)|0000000000000000|(d)|                   0|
Data_Mem[         56]:(h)|0000000000000000|(d)|                   0|
Data_Mem[         64]:(h)|0000000000000000|(d)|                   0|
-*-*-*-*-*-*-*-*-*-*-*-*-*-*-*-
PC:        13
Reg[          0]:(h)|00000000|(d)|         0|
Reg[          1]:(h)|00000000|(d)|         0|
Reg[          2]:(h)|00000000|(d)|         0|
Reg[          3]:(h)|00000200|(d)|       512|
Reg[          4]:(h)|00000000|(d)|         0|
Reg[          5]:(h)|00000001|(d)|         1|
Data_Mem[          0]:(h)|0000003400000003|(d)|        223338299395|
Data_Mem[          8]:(h)|000002710000012c|(d)|       2684354560300|
Data_Mem[         16]:(h)|0000001000000200|(d)|         68719477248|
Data_Mem[         24]:(h)|0000000000000000|(d)|                   0|
Data_Mem[         32]:(h)|0000000000000000|(d)|                   0|
Data_Mem[         40]:(h)|0000000000000000|(d)|                   0|
Data_Mem[         48]:(h)|0000000000000000|(d)|                   0|
Data_Mem[         56]:(h)|0000000000000000|(d)|                   0|
Data_Mem[         64]:(h)|0000000000000000|(d)|                   0|
-*-*-*-*-*-*-*-*-*-*-*-*-*-*-*-
PC:        12
Reg[          0]:(h)|00000000|(d)|         0|
Reg[          1]:(h)|00000000|(d)|         0|
Reg[          2]:(h)|00000000|(d)|         0|
Reg[          3]:(h)|00000200|(d)|       512|
Reg[          4]:(h)|00000000|(d)|         0|
Reg[          5]:(h)|00000001|(d)|         1|
Data_Mem[          0]:(h)|0000003400000003|(d)|        223338299395|
Data_Mem[          8]:(h)|000002710000012c|(d)|       2684354560300|
Data_Mem[         16]:(h)|0000001000000200|(d)|         68719477248|
Data_Mem[         24]:(h)|0000000000000000|(d)|                   0|
Data_Mem[         32]:(h)|0000000000000000|(d)|                   0|
Data_Mem[         40]:(h)|0000000000000000|(d)|                   0|
Data_Mem[         48]:(h)|0000000000000000|(d)|                   0|
Data_Mem[         56]:(h)|0000000000000000|(d)|                   0|
Data_Mem[         64]:(h)|0000000000000000|(d)|                   0|
-*-*-*-*-*-*-*-*-*-*-*-*-*-*-*-
PC:        13
Reg[          0]:(h)|00000000|(d)|         0|
Reg[          1]:(h)|00000000|(d)|         0|
Reg[          2]:(h)|00000000|(d)|         0|
Reg[          3]:(h)|00000200|(d)|       512|
Reg[          4]:(h)|00000000|(d)|         0|
Reg[          5]:(h)|00000001|(d)|         1|
Data_Mem[          0]:(h)|0000003400000003|(d)|        223338299395|
Data_Mem[          8]:(h)|000002710000012c|(d)|       2684354560300|
Data_Mem[         16]:(h)|0000001000000200|(d)|         68719477248|
Data_Mem[         24]:(h)|0000000000000000|(d)|                   0|
Data_Mem[         32]:(h)|0000000000000000|(d)|                   0|
Data_Mem[         40]:(h)|0000000000000000|(d)|                   0|
Data_Mem[         48]:(h)|0000000000000000|(d)|                   0|
Data_Mem[         56]:(h)|0000000000000000|(d)|                   0|
Data_Mem[         64]:(h)|0000000000000000|(d)|                   0|
-*-*-*-*-*-*-*-*-*-*-*-*-*-*-*-
PC:        12
Reg[          0]:(h)|00000000|(d)|         0|
Reg[          1]:(h)|00000000|(d)|         0|
Reg[          2]:(h)|00000000|(d)|         0|
Reg[          3]:(h)|00000200|(d)|       512|
Reg[          4]:(h)|00000000|(d)|         0|
Reg[          5]:(h)|00000001|(d)|         1|
Data_Mem[          0]:(h)|0000003400000003|(d)|        223338299395|
Data_Mem[          8]:(h)|000002710000012c|(d)|       2684354560300|
Data_Mem[         16]:(h)|0000001000000200|(d)|         68719477248|
Data_Mem[         24]:(h)|0000000000000000|(d)|                   0|
Data_Mem[         32]:(h)|0000000000000000|(d)|                   0|
Data_Mem[         40]:(h)|0000000000000000|(d)|                   0|
Data_Mem[         48]:(h)|0000000000000000|(d)|                   0|
Data_Mem[         56]:(h)|0000000000000000|(d)|                   0|
Data_Mem[         64]:(h)|0000000000000000|(d)|                   0|
-*-*-*-*-*-*-*-*-*-*-*-*-*-*-*-
PC:        13
Reg[          0]:(h)|00000000|(d)|         0|
Reg[          1]:(h)|00000000|(d)|         0|
Reg[          2]:(h)|00000000|(d)|         0|
Reg[          3]:(h)|00000200|(d)|       512|
Reg[          4]:(h)|00000000|(d)|         0|
Reg[          5]:(h)|00000001|(d)|         1|
Data_Mem[          0]:(h)|0000003400000003|(d)|        223338299395|
Data_Mem[          8]:(h)|000002710000012c|(d)|       2684354560300|
Data_Mem[         16]:(h)|0000001000000200|(d)|         68719477248|
Data_Mem[         24]:(h)|0000000000000000|(d)|                   0|
Data_Mem[         32]:(h)|0000000000000000|(d)|                   0|
Data_Mem[         40]:(h)|0000000000000000|(d)|                   0|
Data_Mem[         48]:(h)|0000000000000000|(d)|                   0|
Data_Mem[         56]:(h)|0000000000000000|(d)|                   0|
Data_Mem[         64]:(h)|0000000000000000|(d)|                   0|
-*-*-*-*-*-*-*-*-*-*-*-*-*-*-*-
PC:        12
Reg[          0]:(h)|00000000|(d)|         0|
Reg[          1]:(h)|00000000|(d)|         0|
Reg[          2]:(h)|00000000|(d)|         0|
Reg[          3]:(h)|00000200|(d)|       512|
Reg[          4]:(h)|00000000|(d)|         0|
Reg[          5]:(h)|00000001|(d)|         1|
Data_Mem[          0]:(h)|0000003400000003|(d)|        223338299395|
Data_Mem[          8]:(h)|000002710000012c|(d)|       2684354560300|
Data_Mem[         16]:(h)|0000001000000200|(d)|         68719477248|
Data_Mem[         24]:(h)|0000000000000000|(d)|                   0|
Data_Mem[         32]:(h)|0000000000000000|(d)|                   0|
Data_Mem[         40]:(h)|0000000000000000|(d)|                   0|
Data_Mem[         48]:(h)|0000000000000000|(d)|                   0|
Data_Mem[         56]:(h)|0000000000000000|(d)|                   0|
Data_Mem[         64]:(h)|0000000000000000|(d)|                   0|
-*-*-*-*-*-*-*-*-*-*-*-*-*-*-*-
PC:        13
Reg[          0]:(h)|00000000|(d)|         0|
Reg[          1]:(h)|00000000|(d)|         0|
Reg[          2]:(h)|00000000|(d)|         0|
Reg[          3]:(h)|00000200|(d)|       512|
Reg[          4]:(h)|00000000|(d)|         0|
Reg[          5]:(h)|00000001|(d)|         1|
Data_Mem[          0]:(h)|0000003400000003|(d)|        223338299395|
Data_Mem[          8]:(h)|000002710000012c|(d)|       2684354560300|
Data_Mem[         16]:(h)|0000001000000200|(d)|         68719477248|
Data_Mem[         24]:(h)|0000000000000000|(d)|                   0|
Data_Mem[         32]:(h)|0000000000000000|(d)|                   0|
Data_Mem[         40]:(h)|0000000000000000|(d)|                   0|
Data_Mem[         48]:(h)|0000000000000000|(d)|                   0|
Data_Mem[         56]:(h)|0000000000000000|(d)|                   0|
Data_Mem[         64]:(h)|0000000000000000|(d)|                   0|
-*-*-*-*-*-*-*-*-*-*-*-*-*-*-*-
PC:        12
Reg[          0]:(h)|00000000|(d)|         0|
Reg[          1]:(h)|00000000|(d)|         0|
Reg[          2]:(h)|00000000|(d)|         0|
Reg[          3]:(h)|00000200|(d)|       512|
Reg[          4]:(h)|00000000|(d)|         0|
Reg[          5]:(h)|00000001|(d)|         1|
Data_Mem[          0]:(h)|0000003400000003|(d)|        223338299395|
Data_Mem[          8]:(h)|000002710000012c|(d)|       2684354560300|
Data_Mem[         16]:(h)|0000001000000200|(d)|         68719477248|
Data_Mem[         24]:(h)|0000000000000000|(d)|                   0|
Data_Mem[         32]:(h)|0000000000000000|(d)|                   0|
Data_Mem[         40]:(h)|0000000000000000|(d)|                   0|
Data_Mem[         48]:(h)|0000000000000000|(d)|                   0|
Data_Mem[         56]:(h)|0000000000000000|(d)|                   0|
Data_Mem[         64]:(h)|0000000000000000|(d)|                   0|
-*-*-*-*-*-*-*-*-*-*-*-*-*-*-*-
PC:        13
Reg[          0]:(h)|00000000|(d)|         0|
Reg[          1]:(h)|00000000|(d)|         0|
Reg[          2]:(h)|00000000|(d)|         0|
Reg[          3]:(h)|00000200|(d)|       512|
Reg[          4]:(h)|00000000|(d)|         0|
Reg[          5]:(h)|00000001|(d)|         1|
Data_Mem[          0]:(h)|0000003400000003|(d)|        223338299395|
Data_Mem[          8]:(h)|000002710000012c|(d)|       2684354560300|
Data_Mem[         16]:(h)|0000001000000200|(d)|         68719477248|
Data_Mem[         24]:(h)|0000000000000000|(d)|                   0|
Data_Mem[         32]:(h)|0000000000000000|(d)|                   0|
Data_Mem[         40]:(h)|0000000000000000|(d)|                   0|
Data_Mem[         48]:(h)|0000000000000000|(d)|                   0|
Data_Mem[         56]:(h)|0000000000000000|(d)|                   0|
Data_Mem[         64]:(h)|0000000000000000|(d)|                   0|
-*-*-*-*-*-*-*-*-*-*-*-*-*-*-*-
PC:        12
Reg[          0]:(h)|00000000|(d)|         0|
Reg[          1]:(h)|00000000|(d)|         0|
Reg[          2]:(h)|00000000|(d)|         0|
Reg[          3]:(h)|00000200|(d)|       512|
Reg[          4]:(h)|00000000|(d)|         0|
Reg[          5]:(h)|00000001|(d)|         1|
Data_Mem[          0]:(h)|0000003400000003|(d)|        223338299395|
Data_Mem[          8]:(h)|000002710000012c|(d)|       2684354560300|
Data_Mem[         16]:(h)|0000001000000200|(d)|         68719477248|
Data_Mem[         24]:(h)|0000000000000000|(d)|                   0|
Data_Mem[         32]:(h)|0000000000000000|(d)|                   0|
Data_Mem[         40]:(h)|0000000000000000|(d)|                   0|
Data_Mem[         48]:(h)|0000000000000000|(d)|                   0|
Data_Mem[         56]:(h)|0000000000000000|(d)|                   0|
Data_Mem[         64]:(h)|0000000000000000|(d)|                   0|
-*-*-*-*-*-*-*-*-*-*-*-*-*-*-*-
PC:        13
Reg[          0]:(h)|00000000|(d)|         0|
Reg[          1]:(h)|00000000|(d)|         0|
Reg[          2]:(h)|00000000|(d)|         0|
Reg[          3]:(h)|00000200|(d)|       512|
Reg[          4]:(h)|00000000|(d)|         0|
Reg[          5]:(h)|00000001|(d)|         1|
Data_Mem[          0]:(h)|0000003400000003|(d)|        223338299395|
Data_Mem[          8]:(h)|000002710000012c|(d)|       2684354560300|
Data_Mem[         16]:(h)|0000001000000200|(d)|         68719477248|
Data_Mem[         24]:(h)|0000000000000000|(d)|                   0|
Data_Mem[         32]:(h)|0000000000000000|(d)|                   0|
Data_Mem[         40]:(h)|0000000000000000|(d)|                   0|
Data_Mem[         48]:(h)|0000000000000000|(d)|                   0|
Data_Mem[         56]:(h)|0000000000000000|(d)|                   0|
Data_Mem[         64]:(h)|0000000000000000|(d)|                   0|
-*-*-*-*-*-*-*-*-*-*-*-*-*-*-*-
PC:        12
Reg[          0]:(h)|00000000|(d)|         0|
Reg[          1]:(h)|00000000|(d)|         0|
Reg[          2]:(h)|00000000|(d)|         0|
Reg[          3]:(h)|00000200|(d)|       512|
Reg[          4]:(h)|00000000|(d)|         0|
Reg[          5]:(h)|00000001|(d)|         1|
Data_Mem[          0]:(h)|0000003400000003|(d)|        223338299395|
Data_Mem[          8]:(h)|000002710000012c|(d)|       2684354560300|
Data_Mem[         16]:(h)|0000001000000200|(d)|         68719477248|
Data_Mem[         24]:(h)|0000000000000000|(d)|                   0|
Data_Mem[         32]:(h)|0000000000000000|(d)|                   0|
Data_Mem[         40]:(h)|0000000000000000|(d)|                   0|
Data_Mem[         48]:(h)|0000000000000000|(d)|                   0|
Data_Mem[         56]:(h)|0000000000000000|(d)|                   0|
Data_Mem[         64]:(h)|0000000000000000|(d)|                   0|
-*-*-*-*-*-*-*-*-*-*-*-*-*-*-*-
PC:        13
Reg[          0]:(h)|00000000|(d)|         0|
Reg[          1]:(h)|00000000|(d)|         0|
Reg[          2]:(h)|00000000|(d)|         0|
Reg[          3]:(h)|00000200|(d)|       512|
Reg[          4]:(h)|00000000|(d)|         0|
Reg[          5]:(h)|00000001|(d)|         1|
Data_Mem[          0]:(h)|0000003400000003|(d)|        223338299395|
Data_Mem[          8]:(h)|000002710000012c|(d)|       2684354560300|
Data_Mem[         16]:(h)|0000001000000200|(d)|         68719477248|
Data_Mem[         24]:(h)|0000000000000000|(d)|                   0|
Data_Mem[         32]:(h)|0000000000000000|(d)|                   0|
Data_Mem[         40]:(h)|0000000000000000|(d)|                   0|
Data_Mem[         48]:(h)|0000000000000000|(d)|                   0|
Data_Mem[         56]:(h)|0000000000000000|(d)|                   0|
Data_Mem[         64]:(h)|0000000000000000|(d)|                   0|
-*-*-*-*-*-*-*-*-*-*-*-*-*-*-*-
PC:        12
Reg[          0]:(h)|00000000|(d)|         0|
Reg[          1]:(h)|00000000|(d)|         0|
Reg[          2]:(h)|00000000|(d)|         0|
Reg[          3]:(h)|00000200|(d)|       512|
Reg[          4]:(h)|00000000|(d)|         0|
Reg[          5]:(h)|00000001|(d)|         1|
Data_Mem[          0]:(h)|0000003400000003|(d)|        223338299395|
Data_Mem[          8]:(h)|000002710000012c|(d)|       2684354560300|
Data_Mem[         16]:(h)|0000001000000200|(d)|         68719477248|
Data_Mem[         24]:(h)|0000000000000000|(d)|                   0|
Data_Mem[         32]:(h)|0000000000000000|(d)|                   0|
Data_Mem[         40]:(h)|0000000000000000|(d)|                   0|
Data_Mem[         48]:(h)|0000000000000000|(d)|                   0|
Data_Mem[         56]:(h)|0000000000000000|(d)|                   0|
Data_Mem[         64]:(h)|0000000000000000|(d)|                   0|
-*-*-*-*-*-*-*-*-*-*-*-*-*-*-*-
PC:        13
Reg[          0]:(h)|00000000|(d)|         0|
Reg[          1]:(h)|00000000|(d)|         0|
Reg[          2]:(h)|00000000|(d)|         0|
Reg[          3]:(h)|00000200|(d)|       512|
Reg[          4]:(h)|00000000|(d)|         0|
Reg[          5]:(h)|00000001|(d)|         1|
Data_Mem[          0]:(h)|0000003400000003|(d)|        223338299395|
Data_Mem[          8]:(h)|000002710000012c|(d)|       2684354560300|
Data_Mem[         16]:(h)|0000001000000200|(d)|         68719477248|
Data_Mem[         24]:(h)|0000000000000000|(d)|                   0|
Data_Mem[         32]:(h)|0000000000000000|(d)|                   0|
Data_Mem[         40]:(h)|0000000000000000|(d)|                   0|
Data_Mem[         48]:(h)|0000000000000000|(d)|                   0|
Data_Mem[         56]:(h)|0000000000000000|(d)|                   0|
Data_Mem[         64]:(h)|0000000000000000|(d)|                   0|
-*-*-*-*-*-*-*-*-*-*-*-*-*-*-*-
PC:        12
Reg[          0]:(h)|00000000|(d)|         0|
Reg[          1]:(h)|00000000|(d)|         0|
Reg[          2]:(h)|00000000|(d)|         0|
Reg[          3]:(h)|00000200|(d)|       512|
Reg[          4]:(h)|00000000|(d)|         0|
Reg[          5]:(h)|00000001|(d)|         1|
Data_Mem[          0]:(h)|0000003400000003|(d)|        223338299395|
Data_Mem[          8]:(h)|000002710000012c|(d)|       2684354560300|
Data_Mem[         16]:(h)|0000001000000200|(d)|         68719477248|
Data_Mem[         24]:(h)|0000000000000000|(d)|                   0|
Data_Mem[         32]:(h)|0000000000000000|(d)|                   0|
Data_Mem[         40]:(h)|0000000000000000|(d)|                   0|
Data_Mem[         48]:(h)|0000000000000000|(d)|                   0|
Data_Mem[         56]:(h)|0000000000000000|(d)|                   0|
Data_Mem[         64]:(h)|0000000000000000|(d)|                   0|
-*-*-*-*-*-*-*-*-*-*-*-*-*-*-*-
PC:        13
Reg[          0]:(h)|00000000|(d)|         0|
Reg[          1]:(h)|00000000|(d)|         0|
Reg[          2]:(h)|00000000|(d)|         0|
Reg[          3]:(h)|00000200|(d)|       512|
Reg[          4]:(h)|00000000|(d)|         0|
Reg[          5]:(h)|00000001|(d)|         1|
Data_Mem[          0]:(h)|0000003400000003|(d)|        223338299395|
Data_Mem[          8]:(h)|000002710000012c|(d)|       2684354560300|
Data_Mem[         16]:(h)|0000001000000200|(d)|         68719477248|
Data_Mem[         24]:(h)|0000000000000000|(d)|                   0|
Data_Mem[         32]:(h)|0000000000000000|(d)|                   0|
Data_Mem[         40]:(h)|0000000000000000|(d)|                   0|
Data_Mem[         48]:(h)|0000000000000000|(d)|                   0|
Data_Mem[         56]:(h)|0000000000000000|(d)|                   0|
Data_Mem[         64]:(h)|0000000000000000|(d)|                   0|
-*-*-*-*-*-*-*-*-*-*-*-*-*-*-*-
PC:        12
Reg[          0]:(h)|00000000|(d)|         0|
Reg[          1]:(h)|00000000|(d)|         0|
Reg[          2]:(h)|00000000|(d)|         0|
Reg[          3]:(h)|00000200|(d)|       512|
Reg[          4]:(h)|00000000|(d)|         0|
Reg[          5]:(h)|00000001|(d)|         1|
Data_Mem[          0]:(h)|0000003400000003|(d)|        223338299395|
Data_Mem[          8]:(h)|000002710000012c|(d)|       2684354560300|
Data_Mem[         16]:(h)|0000001000000200|(d)|         68719477248|
Data_Mem[         24]:(h)|0000000000000000|(d)|                   0|
Data_Mem[         32]:(h)|0000000000000000|(d)|                   0|
Data_Mem[         40]:(h)|0000000000000000|(d)|                   0|
Data_Mem[         48]:(h)|0000000000000000|(d)|                   0|
Data_Mem[         56]:(h)|0000000000000000|(d)|                   0|
Data_Mem[         64]:(h)|0000000000000000|(d)|                   0|
-*-*-*-*-*-*-*-*-*-*-*-*-*-*-*-
PC:        13
Reg[          0]:(h)|00000000|(d)|         0|
Reg[          1]:(h)|00000000|(d)|         0|
Reg[          2]:(h)|00000000|(d)|         0|
Reg[          3]:(h)|00000200|(d)|       512|
Reg[          4]:(h)|00000000|(d)|         0|
Reg[          5]:(h)|00000001|(d)|         1|
Data_Mem[          0]:(h)|0000003400000003|(d)|        223338299395|
Data_Mem[          8]:(h)|000002710000012c|(d)|       2684354560300|
Data_Mem[         16]:(h)|0000001000000200|(d)|         68719477248|
Data_Mem[         24]:(h)|0000000000000000|(d)|                   0|
Data_Mem[         32]:(h)|0000000000000000|(d)|                   0|
Data_Mem[         40]:(h)|0000000000000000|(d)|                   0|
Data_Mem[         48]:(h)|0000000000000000|(d)|                   0|
Data_Mem[         56]:(h)|0000000000000000|(d)|                   0|
Data_Mem[         64]:(h)|0000000000000000|(d)|                   0|
-*-*-*-*-*-*-*-*-*-*-*-*-*-*-*-
PC:        12
Reg[          0]:(h)|00000000|(d)|         0|
Reg[          1]:(h)|00000000|(d)|         0|
Reg[          2]:(h)|00000000|(d)|         0|
Reg[          3]:(h)|00000200|(d)|       512|
Reg[          4]:(h)|00000000|(d)|         0|
Reg[          5]:(h)|00000001|(d)|         1|
Data_Mem[          0]:(h)|0000003400000003|(d)|        223338299395|
Data_Mem[          8]:(h)|000002710000012c|(d)|       2684354560300|
Data_Mem[         16]:(h)|0000001000000200|(d)|         68719477248|
Data_Mem[         24]:(h)|0000000000000000|(d)|                   0|
Data_Mem[         32]:(h)|0000000000000000|(d)|                   0|
Data_Mem[         40]:(h)|0000000000000000|(d)|                   0|
Data_Mem[         48]:(h)|0000000000000000|(d)|                   0|
Data_Mem[         56]:(h)|0000000000000000|(d)|                   0|
Data_Mem[         64]:(h)|0000000000000000|(d)|                   0|
-*-*-*-*-*-*-*-*-*-*-*-*-*-*-*-
PC:        13
Reg[          0]:(h)|00000000|(d)|         0|
Reg[          1]:(h)|00000000|(d)|         0|
Reg[          2]:(h)|00000000|(d)|         0|
Reg[          3]:(h)|00000200|(d)|       512|
Reg[          4]:(h)|00000000|(d)|         0|
Reg[          5]:(h)|00000001|(d)|         1|
Data_Mem[          0]:(h)|0000003400000003|(d)|        223338299395|
Data_Mem[          8]:(h)|000002710000012c|(d)|       2684354560300|
Data_Mem[         16]:(h)|0000001000000200|(d)|         68719477248|
Data_Mem[         24]:(h)|0000000000000000|(d)|                   0|
Data_Mem[         32]:(h)|0000000000000000|(d)|                   0|
Data_Mem[         40]:(h)|0000000000000000|(d)|                   0|
Data_Mem[         48]:(h)|0000000000000000|(d)|                   0|
Data_Mem[         56]:(h)|0000000000000000|(d)|                   0|
Data_Mem[         64]:(h)|0000000000000000|(d)|                   0|
-*-*-*-*-*-*-*-*-*-*-*-*-*-*-*-
PC:        12
Reg[          0]:(h)|00000000|(d)|         0|
Reg[          1]:(h)|00000000|(d)|         0|
Reg[          2]:(h)|00000000|(d)|         0|
Reg[          3]:(h)|00000200|(d)|       512|
Reg[          4]:(h)|00000000|(d)|         0|
Reg[          5]:(h)|00000001|(d)|         1|
Data_Mem[          0]:(h)|0000003400000003|(d)|        223338299395|
Data_Mem[          8]:(h)|000002710000012c|(d)|       2684354560300|
Data_Mem[         16]:(h)|0000001000000200|(d)|         68719477248|
Data_Mem[         24]:(h)|0000000000000000|(d)|                   0|
Data_Mem[         32]:(h)|0000000000000000|(d)|                   0|
Data_Mem[         40]:(h)|0000000000000000|(d)|                   0|
Data_Mem[         48]:(h)|0000000000000000|(d)|                   0|
Data_Mem[         56]:(h)|0000000000000000|(d)|                   0|
Data_Mem[         64]:(h)|0000000000000000|(d)|                   0|
-*-*-*-*-*-*-*-*-*-*-*-*-*-*-*-
PC:        13
Reg[          0]:(h)|00000000|(d)|         0|
Reg[          1]:(h)|00000000|(d)|         0|
Reg[          2]:(h)|00000000|(d)|         0|
Reg[          3]:(h)|00000200|(d)|       512|
Reg[          4]:(h)|00000000|(d)|         0|
Reg[          5]:(h)|00000001|(d)|         1|
Data_Mem[          0]:(h)|0000003400000003|(d)|        223338299395|
Data_Mem[          8]:(h)|000002710000012c|(d)|       2684354560300|
Data_Mem[         16]:(h)|0000001000000200|(d)|         68719477248|
Data_Mem[         24]:(h)|0000000000000000|(d)|                   0|
Data_Mem[         32]:(h)|0000000000000000|(d)|                   0|
Data_Mem[         40]:(h)|0000000000000000|(d)|                   0|
Data_Mem[         48]:(h)|0000000000000000|(d)|                   0|
Data_Mem[         56]:(h)|0000000000000000|(d)|                   0|
Data_Mem[         64]:(h)|0000000000000000|(d)|                   0|
-*-*-*-*-*-*-*-*-*-*-*-*-*-*-*-
PC:        12
Reg[          0]:(h)|00000000|(d)|         0|
Reg[          1]:(h)|00000000|(d)|         0|
Reg[          2]:(h)|00000000|(d)|         0|
Reg[          3]:(h)|00000200|(d)|       512|
Reg[          4]:(h)|00000000|(d)|         0|
Reg[          5]:(h)|00000001|(d)|         1|
Data_Mem[          0]:(h)|0000003400000003|(d)|        223338299395|
Data_Mem[          8]:(h)|000002710000012c|(d)|       2684354560300|
Data_Mem[         16]:(h)|0000001000000200|(d)|         68719477248|
Data_Mem[         24]:(h)|0000000000000000|(d)|                   0|
Data_Mem[         32]:(h)|0000000000000000|(d)|                   0|
Data_Mem[         40]:(h)|0000000000000000|(d)|                   0|
Data_Mem[         48]:(h)|0000000000000000|(d)|                   0|
Data_Mem[         56]:(h)|0000000000000000|(d)|                   0|
Data_Mem[         64]:(h)|0000000000000000|(d)|                   0|
-*-*-*-*-*-*-*-*-*-*-*-*-*-*-*-
PC:        13
Reg[          0]:(h)|00000000|(d)|         0|
Reg[          1]:(h)|00000000|(d)|         0|
Reg[          2]:(h)|00000000|(d)|         0|
Reg[          3]:(h)|00000200|(d)|       512|
Reg[          4]:(h)|00000000|(d)|         0|
Reg[          5]:(h)|00000001|(d)|         1|
Data_Mem[          0]:(h)|0000003400000003|(d)|        223338299395|
Data_Mem[          8]:(h)|000002710000012c|(d)|       2684354560300|
Data_Mem[         16]:(h)|0000001000000200|(d)|         68719477248|
Data_Mem[         24]:(h)|0000000000000000|(d)|                   0|
Data_Mem[         32]:(h)|0000000000000000|(d)|                   0|
Data_Mem[         40]:(h)|0000000000000000|(d)|                   0|
Data_Mem[         48]:(h)|0000000000000000|(d)|                   0|
Data_Mem[         56]:(h)|0000000000000000|(d)|                   0|
Data_Mem[         64]:(h)|0000000000000000|(d)|                   0|
-*-*-*-*-*-*-*-*-*-*-*-*-*-*-*-
PC:        12
Reg[          0]:(h)|00000000|(d)|         0|
Reg[          1]:(h)|00000000|(d)|         0|
Reg[          2]:(h)|00000000|(d)|         0|
Reg[          3]:(h)|00000200|(d)|       512|
Reg[          4]:(h)|00000000|(d)|         0|
Reg[          5]:(h)|00000001|(d)|         1|
Data_Mem[          0]:(h)|0000003400000003|(d)|        223338299395|
Data_Mem[          8]:(h)|000002710000012c|(d)|       2684354560300|
Data_Mem[         16]:(h)|0000001000000200|(d)|         68719477248|
Data_Mem[         24]:(h)|0000000000000000|(d)|                   0|
Data_Mem[         32]:(h)|0000000000000000|(d)|                   0|
Data_Mem[         40]:(h)|0000000000000000|(d)|                   0|
Data_Mem[         48]:(h)|0000000000000000|(d)|                   0|
Data_Mem[         56]:(h)|0000000000000000|(d)|                   0|
Data_Mem[         64]:(h)|0000000000000000|(d)|                   0|
-*-*-*-*-*-*-*-*-*-*-*-*-*-*-*-
PC:        13
Reg[          0]:(h)|00000000|(d)|         0|
Reg[          1]:(h)|00000000|(d)|         0|
Reg[          2]:(h)|00000000|(d)|         0|
Reg[          3]:(h)|00000200|(d)|       512|
Reg[          4]:(h)|00000000|(d)|         0|
Reg[          5]:(h)|00000001|(d)|         1|
Data_Mem[          0]:(h)|0000003400000003|(d)|        223338299395|
Data_Mem[          8]:(h)|000002710000012c|(d)|       2684354560300|
Data_Mem[         16]:(h)|0000001000000200|(d)|         68719477248|
Data_Mem[         24]:(h)|0000000000000000|(d)|                   0|
Data_Mem[         32]:(h)|0000000000000000|(d)|                   0|
Data_Mem[         40]:(h)|0000000000000000|(d)|                   0|
Data_Mem[         48]:(h)|0000000000000000|(d)|                   0|
Data_Mem[         56]:(h)|0000000000000000|(d)|                   0|
Data_Mem[         64]:(h)|0000000000000000|(d)|                   0|
-*-*-*-*-*-*-*-*-*-*-*-*-*-*-*-
PC:        12
Reg[          0]:(h)|00000000|(d)|         0|
Reg[          1]:(h)|00000000|(d)|         0|
Reg[          2]:(h)|00000000|(d)|         0|
Reg[          3]:(h)|00000200|(d)|       512|
Reg[          4]:(h)|00000000|(d)|         0|
Reg[          5]:(h)|00000001|(d)|         1|
Data_Mem[          0]:(h)|0000003400000003|(d)|        223338299395|
Data_Mem[          8]:(h)|000002710000012c|(d)|       2684354560300|
Data_Mem[         16]:(h)|0000001000000200|(d)|         68719477248|
Data_Mem[         24]:(h)|0000000000000000|(d)|                   0|
Data_Mem[         32]:(h)|0000000000000000|(d)|                   0|
Data_Mem[         40]:(h)|0000000000000000|(d)|                   0|
Data_Mem[         48]:(h)|0000000000000000|(d)|                   0|
Data_Mem[         56]:(h)|0000000000000000|(d)|                   0|
Data_Mem[         64]:(h)|0000000000000000|(d)|                   0|
-*-*-*-*-*-*-*-*-*-*-*-*-*-*-*-
PC:        13
Reg[          0]:(h)|00000000|(d)|         0|
Reg[          1]:(h)|00000000|(d)|         0|
Reg[          2]:(h)|00000000|(d)|         0|
Reg[          3]:(h)|00000200|(d)|       512|
Reg[          4]:(h)|00000000|(d)|         0|
Reg[          5]:(h)|00000001|(d)|         1|
Data_Mem[          0]:(h)|0000003400000003|(d)|        223338299395|
Data_Mem[          8]:(h)|000002710000012c|(d)|       2684354560300|
Data_Mem[         16]:(h)|0000001000000200|(d)|         68719477248|
Data_Mem[         24]:(h)|0000000000000000|(d)|                   0|
Data_Mem[         32]:(h)|0000000000000000|(d)|                   0|
Data_Mem[         40]:(h)|0000000000000000|(d)|                   0|
Data_Mem[         48]:(h)|0000000000000000|(d)|                   0|
Data_Mem[         56]:(h)|0000000000000000|(d)|                   0|
Data_Mem[         64]:(h)|0000000000000000|(d)|                   0|
-*-*-*-*-*-*-*-*-*-*-*-*-*-*-*-
PC:        12
Reg[          0]:(h)|00000000|(d)|         0|
Reg[          1]:(h)|00000000|(d)|         0|
Reg[          2]:(h)|00000000|(d)|         0|
Reg[          3]:(h)|00000200|(d)|       512|
Reg[          4]:(h)|00000000|(d)|         0|
Reg[          5]:(h)|00000001|(d)|         1|
Data_Mem[          0]:(h)|0000003400000003|(d)|        223338299395|
Data_Mem[          8]:(h)|000002710000012c|(d)|       2684354560300|
Data_Mem[         16]:(h)|0000001000000200|(d)|         68719477248|
Data_Mem[         24]:(h)|0000000000000000|(d)|                   0|
Data_Mem[         32]:(h)|0000000000000000|(d)|                   0|
Data_Mem[         40]:(h)|0000000000000000|(d)|                   0|
Data_Mem[         48]:(h)|0000000000000000|(d)|                   0|
Data_Mem[         56]:(h)|0000000000000000|(d)|                   0|
Data_Mem[         64]:(h)|0000000000000000|(d)|                   0|
-*-*-*-*-*-*-*-*-*-*-*-*-*-*-*-
PC:        13
Reg[          0]:(h)|00000000|(d)|         0|
Reg[          1]:(h)|00000000|(d)|         0|
Reg[          2]:(h)|00000000|(d)|         0|
Reg[          3]:(h)|00000200|(d)|       512|
Reg[          4]:(h)|00000000|(d)|         0|
Reg[          5]:(h)|00000001|(d)|         1|
Data_Mem[          0]:(h)|0000003400000003|(d)|        223338299395|
Data_Mem[          8]:(h)|000002710000012c|(d)|       2684354560300|
Data_Mem[         16]:(h)|0000001000000200|(d)|         68719477248|
Data_Mem[         24]:(h)|0000000000000000|(d)|                   0|
Data_Mem[         32]:(h)|0000000000000000|(d)|                   0|
Data_Mem[         40]:(h)|0000000000000000|(d)|                   0|
Data_Mem[         48]:(h)|0000000000000000|(d)|                   0|
Data_Mem[         56]:(h)|0000000000000000|(d)|                   0|
Data_Mem[         64]:(h)|0000000000000000|(d)|                   0|
-*-*-*-*-*-*-*-*-*-*-*-*-*-*-*-
PC:        12
Reg[          0]:(h)|00000000|(d)|         0|
Reg[          1]:(h)|00000000|(d)|         0|
Reg[          2]:(h)|00000000|(d)|         0|
Reg[          3]:(h)|00000200|(d)|       512|
Reg[          4]:(h)|00000000|(d)|         0|
Reg[          5]:(h)|00000001|(d)|         1|
Data_Mem[          0]:(h)|0000003400000003|(d)|        223338299395|
Data_Mem[          8]:(h)|000002710000012c|(d)|       2684354560300|
Data_Mem[         16]:(h)|0000001000000200|(d)|         68719477248|
Data_Mem[         24]:(h)|0000000000000000|(d)|                   0|
Data_Mem[         32]:(h)|0000000000000000|(d)|                   0|
Data_Mem[         40]:(h)|0000000000000000|(d)|                   0|
Data_Mem[         48]:(h)|0000000000000000|(d)|                   0|
Data_Mem[         56]:(h)|0000000000000000|(d)|                   0|
Data_Mem[         64]:(h)|0000000000000000|(d)|                   0|
-*-*-*-*-*-*-*-*-*-*-*-*-*-*-*-
PC:        13
Reg[          0]:(h)|00000000|(d)|         0|
Reg[          1]:(h)|00000000|(d)|         0|
Reg[          2]:(h)|00000000|(d)|         0|
Reg[          3]:(h)|00000200|(d)|       512|
Reg[          4]:(h)|00000000|(d)|         0|
Reg[          5]:(h)|00000001|(d)|         1|
Data_Mem[          0]:(h)|0000003400000003|(d)|        223338299395|
Data_Mem[          8]:(h)|000002710000012c|(d)|       2684354560300|
Data_Mem[         16]:(h)|0000001000000200|(d)|         68719477248|
Data_Mem[         24]:(h)|0000000000000000|(d)|                   0|
Data_Mem[         32]:(h)|0000000000000000|(d)|                   0|
Data_Mem[         40]:(h)|0000000000000000|(d)|                   0|
Data_Mem[         48]:(h)|0000000000000000|(d)|                   0|
Data_Mem[         56]:(h)|0000000000000000|(d)|                   0|
Data_Mem[         64]:(h)|0000000000000000|(d)|                   0|
-*-*-*-*-*-*-*-*-*-*-*-*-*-*-*-
PC:        12
Reg[          0]:(h)|00000000|(d)|         0|
Reg[          1]:(h)|00000000|(d)|         0|
Reg[          2]:(h)|00000000|(d)|         0|
Reg[          3]:(h)|00000200|(d)|       512|
Reg[          4]:(h)|00000000|(d)|         0|
Reg[          5]:(h)|00000001|(d)|         1|
Data_Mem[          0]:(h)|0000003400000003|(d)|        223338299395|
Data_Mem[          8]:(h)|000002710000012c|(d)|       2684354560300|
Data_Mem[         16]:(h)|0000001000000200|(d)|         68719477248|
Data_Mem[         24]:(h)|0000000000000000|(d)|                   0|
Data_Mem[         32]:(h)|0000000000000000|(d)|                   0|
Data_Mem[         40]:(h)|0000000000000000|(d)|                   0|
Data_Mem[         48]:(h)|0000000000000000|(d)|                   0|
Data_Mem[         56]:(h)|0000000000000000|(d)|                   0|
Data_Mem[         64]:(h)|0000000000000000|(d)|                   0|
-*-*-*-*-*-*-*-*-*-*-*-*-*-*-*-
PC:        13
Reg[          0]:(h)|00000000|(d)|         0|
Reg[          1]:(h)|00000000|(d)|         0|
Reg[          2]:(h)|00000000|(d)|         0|
Reg[          3]:(h)|00000200|(d)|       512|
Reg[          4]:(h)|00000000|(d)|         0|
Reg[          5]:(h)|00000001|(d)|         1|
Data_Mem[          0]:(h)|0000003400000003|(d)|        223338299395|
Data_Mem[          8]:(h)|000002710000012c|(d)|       2684354560300|
Data_Mem[         16]:(h)|0000001000000200|(d)|         68719477248|
Data_Mem[         24]:(h)|0000000000000000|(d)|                   0|
Data_Mem[         32]:(h)|0000000000000000|(d)|                   0|
Data_Mem[         40]:(h)|0000000000000000|(d)|                   0|
Data_Mem[         48]:(h)|0000000000000000|(d)|                   0|
Data_Mem[         56]:(h)|0000000000000000|(d)|                   0|
Data_Mem[         64]:(h)|0000000000000000|(d)|                   0|
-*-*-*-*-*-*-*-*-*-*-*-*-*-*-*-
PC:        12
Reg[          0]:(h)|00000000|(d)|         0|
Reg[          1]:(h)|00000000|(d)|         0|
Reg[          2]:(h)|00000000|(d)|         0|
Reg[          3]:(h)|00000200|(d)|       512|
Reg[          4]:(h)|00000000|(d)|         0|
Reg[          5]:(h)|00000001|(d)|         1|
Data_Mem[          0]:(h)|0000003400000003|(d)|        223338299395|
Data_Mem[          8]:(h)|000002710000012c|(d)|       2684354560300|
Data_Mem[         16]:(h)|0000001000000200|(d)|         68719477248|
Data_Mem[         24]:(h)|0000000000000000|(d)|                   0|
Data_Mem[         32]:(h)|0000000000000000|(d)|                   0|
Data_Mem[         40]:(h)|0000000000000000|(d)|                   0|
Data_Mem[         48]:(h)|0000000000000000|(d)|                   0|
Data_Mem[         56]:(h)|0000000000000000|(d)|                   0|
Data_Mem[         64]:(h)|0000000000000000|(d)|                   0|
-*-*-*-*-*-*-*-*-*-*-*-*-*-*-*-
PC:        13
Reg[          0]:(h)|00000000|(d)|         0|
Reg[          1]:(h)|00000000|(d)|         0|
Reg[          2]:(h)|00000000|(d)|         0|
Reg[          3]:(h)|00000200|(d)|       512|
Reg[          4]:(h)|00000000|(d)|         0|
Reg[          5]:(h)|00000001|(d)|         1|
Data_Mem[          0]:(h)|0000003400000003|(d)|        223338299395|
Data_Mem[          8]:(h)|000002710000012c|(d)|       2684354560300|
Data_Mem[         16]:(h)|0000001000000200|(d)|         68719477248|
Data_Mem[         24]:(h)|0000000000000000|(d)|                   0|
Data_Mem[         32]:(h)|0000000000000000|(d)|                   0|
Data_Mem[         40]:(h)|0000000000000000|(d)|                   0|
Data_Mem[         48]:(h)|0000000000000000|(d)|                   0|
Data_Mem[         56]:(h)|0000000000000000|(d)|                   0|
Data_Mem[         64]:(h)|0000000000000000|(d)|                   0|
-*-*-*-*-*-*-*-*-*-*-*-*-*-*-*-
PC:        12
Reg[          0]:(h)|00000000|(d)|         0|
Reg[          1]:(h)|00000000|(d)|         0|
Reg[          2]:(h)|00000000|(d)|         0|
Reg[          3]:(h)|00000200|(d)|       512|
Reg[          4]:(h)|00000000|(d)|         0|
Reg[          5]:(h)|00000001|(d)|         1|
Data_Mem[          0]:(h)|0000003400000003|(d)|        223338299395|
Data_Mem[          8]:(h)|000002710000012c|(d)|       2684354560300|
Data_Mem[         16]:(h)|0000001000000200|(d)|         68719477248|
Data_Mem[         24]:(h)|0000000000000000|(d)|                   0|
Data_Mem[         32]:(h)|0000000000000000|(d)|                   0|
Data_Mem[         40]:(h)|0000000000000000|(d)|                   0|
Data_Mem[         48]:(h)|0000000000000000|(d)|                   0|
Data_Mem[         56]:(h)|0000000000000000|(d)|                   0|
Data_Mem[         64]:(h)|0000000000000000|(d)|                   0|
-*-*-*-*-*-*-*-*-*-*-*-*-*-*-*-
PC:        13
Reg[          0]:(h)|00000000|(d)|         0|
Reg[          1]:(h)|00000000|(d)|         0|
Reg[          2]:(h)|00000000|(d)|         0|
Reg[          3]:(h)|00000200|(d)|       512|
Reg[          4]:(h)|00000000|(d)|         0|
Reg[          5]:(h)|00000001|(d)|         1|
Data_Mem[          0]:(h)|0000003400000003|(d)|        223338299395|
Data_Mem[          8]:(h)|000002710000012c|(d)|       2684354560300|
Data_Mem[         16]:(h)|0000001000000200|(d)|         68719477248|
Data_Mem[         24]:(h)|0000000000000000|(d)|                   0|
Data_Mem[         32]:(h)|0000000000000000|(d)|                   0|
Data_Mem[         40]:(h)|0000000000000000|(d)|                   0|
Data_Mem[         48]:(h)|0000000000000000|(d)|                   0|
Data_Mem[         56]:(h)|0000000000000000|(d)|                   0|
Data_Mem[         64]:(h)|0000000000000000|(d)|                   0|
-*-*-*-*-*-*-*-*-*-*-*-*-*-*-*-
PC:        12
Reg[          0]:(h)|00000000|(d)|         0|
Reg[          1]:(h)|00000000|(d)|         0|
Reg[          2]:(h)|00000000|(d)|         0|
Reg[          3]:(h)|00000200|(d)|       512|
Reg[          4]:(h)|00000000|(d)|         0|
Reg[          5]:(h)|00000001|(d)|         1|
Data_Mem[          0]:(h)|0000003400000003|(d)|        223338299395|
Data_Mem[          8]:(h)|000002710000012c|(d)|       2684354560300|
Data_Mem[         16]:(h)|0000001000000200|(d)|         68719477248|
Data_Mem[         24]:(h)|0000000000000000|(d)|                   0|
Data_Mem[         32]:(h)|0000000000000000|(d)|                   0|
Data_Mem[         40]:(h)|0000000000000000|(d)|                   0|
Data_Mem[         48]:(h)|0000000000000000|(d)|                   0|
Data_Mem[         56]:(h)|0000000000000000|(d)|                   0|
Data_Mem[         64]:(h)|0000000000000000|(d)|                   0|
-*-*-*-*-*-*-*-*-*-*-*-*-*-*-*-
PC:        13
Reg[          0]:(h)|00000000|(d)|         0|
Reg[          1]:(h)|00000000|(d)|         0|
Reg[          2]:(h)|00000000|(d)|         0|
Reg[          3]:(h)|00000200|(d)|       512|
Reg[          4]:(h)|00000000|(d)|         0|
Reg[          5]:(h)|00000001|(d)|         1|
Data_Mem[          0]:(h)|0000003400000003|(d)|        223338299395|
Data_Mem[          8]:(h)|000002710000012c|(d)|       2684354560300|
Data_Mem[         16]:(h)|0000001000000200|(d)|         68719477248|
Data_Mem[         24]:(h)|0000000000000000|(d)|                   0|
Data_Mem[         32]:(h)|0000000000000000|(d)|                   0|
Data_Mem[         40]:(h)|0000000000000000|(d)|                   0|
Data_Mem[         48]:(h)|0000000000000000|(d)|                   0|
Data_Mem[         56]:(h)|0000000000000000|(d)|                   0|
Data_Mem[         64]:(h)|0000000000000000|(d)|                   0|
-*-*-*-*-*-*-*-*-*-*-*-*-*-*-*-
PC:        12
Reg[          0]:(h)|00000000|(d)|         0|
Reg[          1]:(h)|00000000|(d)|         0|
Reg[          2]:(h)|00000000|(d)|         0|
Reg[          3]:(h)|00000200|(d)|       512|
Reg[          4]:(h)|00000000|(d)|         0|
Reg[          5]:(h)|00000001|(d)|         1|
Data_Mem[          0]:(h)|0000003400000003|(d)|        223338299395|
Data_Mem[          8]:(h)|000002710000012c|(d)|       2684354560300|
Data_Mem[         16]:(h)|0000001000000200|(d)|         68719477248|
Data_Mem[         24]:(h)|0000000000000000|(d)|                   0|
Data_Mem[         32]:(h)|0000000000000000|(d)|                   0|
Data_Mem[         40]:(h)|0000000000000000|(d)|                   0|
Data_Mem[         48]:(h)|0000000000000000|(d)|                   0|
Data_Mem[         56]:(h)|0000000000000000|(d)|                   0|
Data_Mem[         64]:(h)|0000000000000000|(d)|                   0|
-*-*-*-*-*-*-*-*-*-*-*-*-*-*-*-
PC:        13
Reg[          0]:(h)|00000000|(d)|         0|
Reg[          1]:(h)|00000000|(d)|         0|
Reg[          2]:(h)|00000000|(d)|         0|
Reg[          3]:(h)|00000200|(d)|       512|
Reg[          4]:(h)|00000000|(d)|         0|
Reg[          5]:(h)|00000001|(d)|         1|
Data_Mem[          0]:(h)|0000003400000003|(d)|        223338299395|
Data_Mem[          8]:(h)|000002710000012c|(d)|       2684354560300|
Data_Mem[         16]:(h)|0000001000000200|(d)|         68719477248|
Data_Mem[         24]:(h)|0000000000000000|(d)|                   0|
Data_Mem[         32]:(h)|0000000000000000|(d)|                   0|
Data_Mem[         40]:(h)|0000000000000000|(d)|                   0|
Data_Mem[         48]:(h)|0000000000000000|(d)|                   0|
Data_Mem[         56]:(h)|0000000000000000|(d)|                   0|
Data_Mem[         64]:(h)|0000000000000000|(d)|                   0|
-*-*-*-*-*-*-*-*-*-*-*-*-*-*-*-
PC:        12
Reg[          0]:(h)|00000000|(d)|         0|
Reg[          1]:(h)|00000000|(d)|         0|
Reg[          2]:(h)|00000000|(d)|         0|
Reg[          3]:(h)|00000200|(d)|       512|
Reg[          4]:(h)|00000000|(d)|         0|
Reg[          5]:(h)|00000001|(d)|         1|
Data_Mem[          0]:(h)|0000003400000003|(d)|        223338299395|
Data_Mem[          8]:(h)|000002710000012c|(d)|       2684354560300|
Data_Mem[         16]:(h)|0000001000000200|(d)|         68719477248|
Data_Mem[         24]:(h)|0000000000000000|(d)|                   0|
Data_Mem[         32]:(h)|0000000000000000|(d)|                   0|
Data_Mem[         40]:(h)|0000000000000000|(d)|                   0|
Data_Mem[         48]:(h)|0000000000000000|(d)|                   0|
Data_Mem[         56]:(h)|0000000000000000|(d)|                   0|
Data_Mem[         64]:(h)|0000000000000000|(d)|                   0|
-*-*-*-*-*-*-*-*-*-*-*-*-*-*-*-
PC:        13
Reg[          0]:(h)|00000000|(d)|         0|
Reg[          1]:(h)|00000000|(d)|         0|
Reg[          2]:(h)|00000000|(d)|         0|
Reg[          3]:(h)|00000200|(d)|       512|
Reg[          4]:(h)|00000000|(d)|         0|
Reg[          5]:(h)|00000001|(d)|         1|
Data_Mem[          0]:(h)|0000003400000003|(d)|        223338299395|
Data_Mem[          8]:(h)|000002710000012c|(d)|       2684354560300|
Data_Mem[         16]:(h)|0000001000000200|(d)|         68719477248|
Data_Mem[         24]:(h)|0000000000000000|(d)|                   0|
Data_Mem[         32]:(h)|0000000000000000|(d)|                   0|
Data_Mem[         40]:(h)|0000000000000000|(d)|                   0|
Data_Mem[         48]:(h)|0000000000000000|(d)|                   0|
Data_Mem[         56]:(h)|0000000000000000|(d)|                   0|
Data_Mem[         64]:(h)|0000000000000000|(d)|                   0|
-*-*-*-*-*-*-*-*-*-*-*-*-*-*-*-
PC:        12
Reg[          0]:(h)|00000000|(d)|         0|
Reg[          1]:(h)|00000000|(d)|         0|
Reg[          2]:(h)|00000000|(d)|         0|
Reg[          3]:(h)|00000200|(d)|       512|
Reg[          4]:(h)|00000000|(d)|         0|
Reg[          5]:(h)|00000001|(d)|         1|
Data_Mem[          0]:(h)|0000003400000003|(d)|        223338299395|
Data_Mem[          8]:(h)|000002710000012c|(d)|       2684354560300|
Data_Mem[         16]:(h)|0000001000000200|(d)|         68719477248|
Data_Mem[         24]:(h)|0000000000000000|(d)|                   0|
Data_Mem[         32]:(h)|0000000000000000|(d)|                   0|
Data_Mem[         40]:(h)|0000000000000000|(d)|                   0|
Data_Mem[         48]:(h)|0000000000000000|(d)|                   0|
Data_Mem[         56]:(h)|0000000000000000|(d)|                   0|
Data_Mem[         64]:(h)|0000000000000000|(d)|                   0|
-*-*-*-*-*-*-*-*-*-*-*-*-*-*-*-
PC:        13
Reg[          0]:(h)|00000000|(d)|         0|
Reg[          1]:(h)|00000000|(d)|         0|
Reg[          2]:(h)|00000000|(d)|         0|
Reg[          3]:(h)|00000200|(d)|       512|
Reg[          4]:(h)|00000000|(d)|         0|
Reg[          5]:(h)|00000001|(d)|         1|
Data_Mem[          0]:(h)|0000003400000003|(d)|        223338299395|
Data_Mem[          8]:(h)|000002710000012c|(d)|       2684354560300|
Data_Mem[         16]:(h)|0000001000000200|(d)|         68719477248|
Data_Mem[         24]:(h)|0000000000000000|(d)|                   0|
Data_Mem[         32]:(h)|0000000000000000|(d)|                   0|
Data_Mem[         40]:(h)|0000000000000000|(d)|                   0|
Data_Mem[         48]:(h)|0000000000000000|(d)|                   0|
Data_Mem[         56]:(h)|0000000000000000|(d)|                   0|
Data_Mem[         64]:(h)|0000000000000000|(d)|                   0|
-*-*-*-*-*-*-*-*-*-*-*-*-*-*-*-
PC:        12
Reg[          0]:(h)|00000000|(d)|         0|
Reg[          1]:(h)|00000000|(d)|         0|
Reg[          2]:(h)|00000000|(d)|         0|
Reg[          3]:(h)|00000200|(d)|       512|
Reg[          4]:(h)|00000000|(d)|         0|
Reg[          5]:(h)|00000001|(d)|         1|
Data_Mem[          0]:(h)|0000003400000003|(d)|        223338299395|
Data_Mem[          8]:(h)|000002710000012c|(d)|       2684354560300|
Data_Mem[         16]:(h)|0000001000000200|(d)|         68719477248|
Data_Mem[         24]:(h)|0000000000000000|(d)|                   0|
Data_Mem[         32]:(h)|0000000000000000|(d)|                   0|
Data_Mem[         40]:(h)|0000000000000000|(d)|                   0|
Data_Mem[         48]:(h)|0000000000000000|(d)|                   0|
Data_Mem[         56]:(h)|0000000000000000|(d)|                   0|
Data_Mem[         64]:(h)|0000000000000000|(d)|                   0|
-*-*-*-*-*-*-*-*-*-*-*-*-*-*-*-
PC:        13
Reg[          0]:(h)|00000000|(d)|         0|
Reg[          1]:(h)|00000000|(d)|         0|
Reg[          2]:(h)|00000000|(d)|         0|
Reg[          3]:(h)|00000200|(d)|       512|
Reg[          4]:(h)|00000000|(d)|         0|
Reg[          5]:(h)|00000001|(d)|         1|
Data_Mem[          0]:(h)|0000003400000003|(d)|        223338299395|
Data_Mem[          8]:(h)|000002710000012c|(d)|       2684354560300|
Data_Mem[         16]:(h)|0000001000000200|(d)|         68719477248|
Data_Mem[         24]:(h)|0000000000000000|(d)|                   0|
Data_Mem[         32]:(h)|0000000000000000|(d)|                   0|
Data_Mem[         40]:(h)|0000000000000000|(d)|                   0|
Data_Mem[         48]:(h)|0000000000000000|(d)|                   0|
Data_Mem[         56]:(h)|0000000000000000|(d)|                   0|
Data_Mem[         64]:(h)|0000000000000000|(d)|                   0|
-*-*-*-*-*-*-*-*-*-*-*-*-*-*-*-
PC:        12
Reg[          0]:(h)|00000000|(d)|         0|
Reg[          1]:(h)|00000000|(d)|         0|
Reg[          2]:(h)|00000000|(d)|         0|
Reg[          3]:(h)|00000200|(d)|       512|
Reg[          4]:(h)|00000000|(d)|         0|
Reg[          5]:(h)|00000001|(d)|         1|
Data_Mem[          0]:(h)|0000003400000003|(d)|        223338299395|
Data_Mem[          8]:(h)|000002710000012c|(d)|       2684354560300|
Data_Mem[         16]:(h)|0000001000000200|(d)|         68719477248|
Data_Mem[         24]:(h)|0000000000000000|(d)|                   0|
Data_Mem[         32]:(h)|0000000000000000|(d)|                   0|
Data_Mem[         40]:(h)|0000000000000000|(d)|                   0|
Data_Mem[         48]:(h)|0000000000000000|(d)|                   0|
Data_Mem[         56]:(h)|0000000000000000|(d)|                   0|
Data_Mem[         64]:(h)|0000000000000000|(d)|                   0|
-*-*-*-*-*-*-*-*-*-*-*-*-*-*-*-
PC:        13
Reg[          0]:(h)|00000000|(d)|         0|
Reg[          1]:(h)|00000000|(d)|         0|
Reg[          2]:(h)|00000000|(d)|         0|
Reg[          3]:(h)|00000200|(d)|       512|
Reg[          4]:(h)|00000000|(d)|         0|
Reg[          5]:(h)|00000001|(d)|         1|
Data_Mem[          0]:(h)|0000003400000003|(d)|        223338299395|
Data_Mem[          8]:(h)|000002710000012c|(d)|       2684354560300|
Data_Mem[         16]:(h)|0000001000000200|(d)|         68719477248|
Data_Mem[         24]:(h)|0000000000000000|(d)|                   0|
Data_Mem[         32]:(h)|0000000000000000|(d)|                   0|
Data_Mem[         40]:(h)|0000000000000000|(d)|                   0|
Data_Mem[         48]:(h)|0000000000000000|(d)|                   0|
Data_Mem[         56]:(h)|0000000000000000|(d)|                   0|
Data_Mem[         64]:(h)|0000000000000000|(d)|                   0|
-*-*-*-*-*-*-*-*-*-*-*-*-*-*-*-
PC:        12
Reg[          0]:(h)|00000000|(d)|         0|
Reg[          1]:(h)|00000000|(d)|         0|
Reg[          2]:(h)|00000000|(d)|         0|
Reg[          3]:(h)|00000200|(d)|       512|
Reg[          4]:(h)|00000000|(d)|         0|
Reg[          5]:(h)|00000001|(d)|         1|
Data_Mem[          0]:(h)|0000003400000003|(d)|        223338299395|
Data_Mem[          8]:(h)|000002710000012c|(d)|       2684354560300|
Data_Mem[         16]:(h)|0000001000000200|(d)|         68719477248|
Data_Mem[         24]:(h)|0000000000000000|(d)|                   0|
Data_Mem[         32]:(h)|0000000000000000|(d)|                   0|
Data_Mem[         40]:(h)|0000000000000000|(d)|                   0|
Data_Mem[         48]:(h)|0000000000000000|(d)|                   0|
Data_Mem[         56]:(h)|0000000000000000|(d)|                   0|
Data_Mem[         64]:(h)|0000000000000000|(d)|                   0|
-*-*-*-*-*-*-*-*-*-*-*-*-*-*-*-
PC:        13
Reg[          0]:(h)|00000000|(d)|         0|
Reg[          1]:(h)|00000000|(d)|         0|
Reg[          2]:(h)|00000000|(d)|         0|
Reg[          3]:(h)|00000200|(d)|       512|
Reg[          4]:(h)|00000000|(d)|         0|
Reg[          5]:(h)|00000001|(d)|         1|
Data_Mem[          0]:(h)|0000003400000003|(d)|        223338299395|
Data_Mem[          8]:(h)|000002710000012c|(d)|       2684354560300|
Data_Mem[         16]:(h)|0000001000000200|(d)|         68719477248|
Data_Mem[         24]:(h)|0000000000000000|(d)|                   0|
Data_Mem[         32]:(h)|0000000000000000|(d)|                   0|
Data_Mem[         40]:(h)|0000000000000000|(d)|                   0|
Data_Mem[         48]:(h)|0000000000000000|(d)|                   0|
Data_Mem[         56]:(h)|0000000000000000|(d)|                   0|
Data_Mem[         64]:(h)|0000000000000000|(d)|                   0|
-*-*-*-*-*-*-*-*-*-*-*-*-*-*-*-
PC:        12
Reg[          0]:(h)|00000000|(d)|         0|
Reg[          1]:(h)|00000000|(d)|         0|
Reg[          2]:(h)|00000000|(d)|         0|
Reg[          3]:(h)|00000200|(d)|       512|
Reg[          4]:(h)|00000000|(d)|         0|
Reg[          5]:(h)|00000001|(d)|         1|
Data_Mem[          0]:(h)|0000003400000003|(d)|        223338299395|
Data_Mem[          8]:(h)|000002710000012c|(d)|       2684354560300|
Data_Mem[         16]:(h)|0000001000000200|(d)|         68719477248|
Data_Mem[         24]:(h)|0000000000000000|(d)|                   0|
Data_Mem[         32]:(h)|0000000000000000|(d)|                   0|
Data_Mem[         40]:(h)|0000000000000000|(d)|                   0|
Data_Mem[         48]:(h)|0000000000000000|(d)|                   0|
Data_Mem[         56]:(h)|0000000000000000|(d)|                   0|
Data_Mem[         64]:(h)|0000000000000000|(d)|                   0|
-*-*-*-*-*-*-*-*-*-*-*-*-*-*-*-
PC:        13
Reg[          0]:(h)|00000000|(d)|         0|
Reg[          1]:(h)|00000000|(d)|         0|
Reg[          2]:(h)|00000000|(d)|         0|
Reg[          3]:(h)|00000200|(d)|       512|
Reg[          4]:(h)|00000000|(d)|         0|
Reg[          5]:(h)|00000001|(d)|         1|
Data_Mem[          0]:(h)|0000003400000003|(d)|        223338299395|
Data_Mem[          8]:(h)|000002710000012c|(d)|       2684354560300|
Data_Mem[         16]:(h)|0000001000000200|(d)|         68719477248|
Data_Mem[         24]:(h)|0000000000000000|(d)|                   0|
Data_Mem[         32]:(h)|0000000000000000|(d)|                   0|
Data_Mem[         40]:(h)|0000000000000000|(d)|                   0|
Data_Mem[         48]:(h)|0000000000000000|(d)|                   0|
Data_Mem[         56]:(h)|0000000000000000|(d)|                   0|
Data_Mem[         64]:(h)|0000000000000000|(d)|                   0|
-*-*-*-*-*-*-*-*-*-*-*-*-*-*-*-
PC:        12
Reg[          0]:(h)|00000000|(d)|         0|
Reg[          1]:(h)|00000000|(d)|         0|
Reg[          2]:(h)|00000000|(d)|         0|
Reg[          3]:(h)|00000200|(d)|       512|
Reg[          4]:(h)|00000000|(d)|         0|
Reg[          5]:(h)|00000001|(d)|         1|
Data_Mem[          0]:(h)|0000003400000003|(d)|        223338299395|
Data_Mem[          8]:(h)|000002710000012c|(d)|       2684354560300|
Data_Mem[         16]:(h)|0000001000000200|(d)|         68719477248|
Data_Mem[         24]:(h)|0000000000000000|(d)|                   0|
Data_Mem[         32]:(h)|0000000000000000|(d)|                   0|
Data_Mem[         40]:(h)|0000000000000000|(d)|                   0|
Data_Mem[         48]:(h)|0000000000000000|(d)|                   0|
Data_Mem[         56]:(h)|0000000000000000|(d)|                   0|
Data_Mem[         64]:(h)|0000000000000000|(d)|                   0|
-*-*-*-*-*-*-*-*-*-*-*-*-*-*-*-
PC:        13
Reg[          0]:(h)|00000000|(d)|         0|
Reg[          1]:(h)|00000000|(d)|         0|
Reg[          2]:(h)|00000000|(d)|         0|
Reg[          3]:(h)|00000200|(d)|       512|
Reg[          4]:(h)|00000000|(d)|         0|
Reg[          5]:(h)|00000001|(d)|         1|
Data_Mem[          0]:(h)|0000003400000003|(d)|        223338299395|
Data_Mem[          8]:(h)|000002710000012c|(d)|       2684354560300|
Data_Mem[         16]:(h)|0000001000000200|(d)|         68719477248|
Data_Mem[         24]:(h)|0000000000000000|(d)|                   0|
Data_Mem[         32]:(h)|0000000000000000|(d)|                   0|
Data_Mem[         40]:(h)|0000000000000000|(d)|                   0|
Data_Mem[         48]:(h)|0000000000000000|(d)|                   0|
Data_Mem[         56]:(h)|0000000000000000|(d)|                   0|
Data_Mem[         64]:(h)|0000000000000000|(d)|                   0|
-*-*-*-*-*-*-*-*-*-*-*-*-*-*-*-
PC:        12
Reg[          0]:(h)|00000000|(d)|         0|
Reg[          1]:(h)|00000000|(d)|         0|
Reg[          2]:(h)|00000000|(d)|         0|
Reg[          3]:(h)|00000200|(d)|       512|
Reg[          4]:(h)|00000000|(d)|         0|
Reg[          5]:(h)|00000001|(d)|         1|
Data_Mem[          0]:(h)|0000003400000003|(d)|        223338299395|
Data_Mem[          8]:(h)|000002710000012c|(d)|       2684354560300|
Data_Mem[         16]:(h)|0000001000000200|(d)|         68719477248|
Data_Mem[         24]:(h)|0000000000000000|(d)|                   0|
Data_Mem[         32]:(h)|0000000000000000|(d)|                   0|
Data_Mem[         40]:(h)|0000000000000000|(d)|                   0|
Data_Mem[         48]:(h)|0000000000000000|(d)|                   0|
Data_Mem[         56]:(h)|0000000000000000|(d)|                   0|
Data_Mem[         64]:(h)|0000000000000000|(d)|                   0|
-*-*-*-*-*-*-*-*-*-*-*-*-*-*-*-
PC:        13
Reg[          0]:(h)|00000000|(d)|         0|
Reg[          1]:(h)|00000000|(d)|         0|
Reg[          2]:(h)|00000000|(d)|         0|
Reg[          3]:(h)|00000200|(d)|       512|
Reg[          4]:(h)|00000000|(d)|         0|
Reg[          5]:(h)|00000001|(d)|         1|
Data_Mem[          0]:(h)|0000003400000003|(d)|        223338299395|
Data_Mem[          8]:(h)|000002710000012c|(d)|       2684354560300|
Data_Mem[         16]:(h)|0000001000000200|(d)|         68719477248|
Data_Mem[         24]:(h)|0000000000000000|(d)|                   0|
Data_Mem[         32]:(h)|0000000000000000|(d)|                   0|
Data_Mem[         40]:(h)|0000000000000000|(d)|                   0|
Data_Mem[         48]:(h)|0000000000000000|(d)|                   0|
Data_Mem[         56]:(h)|0000000000000000|(d)|                   0|
Data_Mem[         64]:(h)|0000000000000000|(d)|                   0|
-*-*-*-*-*-*-*-*-*-*-*-*-*-*-*-
PC:        12
Reg[          0]:(h)|00000000|(d)|         0|
Reg[          1]:(h)|00000000|(d)|         0|
Reg[          2]:(h)|00000000|(d)|         0|
Reg[          3]:(h)|00000200|(d)|       512|
Reg[          4]:(h)|00000000|(d)|         0|
Reg[          5]:(h)|00000001|(d)|         1|
Data_Mem[          0]:(h)|0000003400000003|(d)|        223338299395|
Data_Mem[          8]:(h)|000002710000012c|(d)|       2684354560300|
Data_Mem[         16]:(h)|0000001000000200|(d)|         68719477248|
Data_Mem[         24]:(h)|0000000000000000|(d)|                   0|
Data_Mem[         32]:(h)|0000000000000000|(d)|                   0|
Data_Mem[         40]:(h)|0000000000000000|(d)|                   0|
Data_Mem[         48]:(h)|0000000000000000|(d)|                   0|
Data_Mem[         56]:(h)|0000000000000000|(d)|                   0|
Data_Mem[         64]:(h)|0000000000000000|(d)|                   0|
-*-*-*-*-*-*-*-*-*-*-*-*-*-*-*-
PC:        13
Reg[          0]:(h)|00000000|(d)|         0|
Reg[          1]:(h)|00000000|(d)|         0|
Reg[          2]:(h)|00000000|(d)|         0|
Reg[          3]:(h)|00000200|(d)|       512|
Reg[          4]:(h)|00000000|(d)|         0|
Reg[          5]:(h)|00000001|(d)|         1|
Data_Mem[          0]:(h)|0000003400000003|(d)|        223338299395|
Data_Mem[          8]:(h)|000002710000012c|(d)|       2684354560300|
Data_Mem[         16]:(h)|0000001000000200|(d)|         68719477248|
Data_Mem[         24]:(h)|0000000000000000|(d)|                   0|
Data_Mem[         32]:(h)|0000000000000000|(d)|                   0|
Data_Mem[         40]:(h)|0000000000000000|(d)|                   0|
Data_Mem[         48]:(h)|0000000000000000|(d)|                   0|
Data_Mem[         56]:(h)|0000000000000000|(d)|                   0|
Data_Mem[         64]:(h)|0000000000000000|(d)|                   0|
$finish called from file "z_pipeline_tb.sv", line 47.
$finish at simulation time               202000
Simulation complete, time is 202000 ns.
z_pipeline_tb.sv, 47 : $finish;
