version: (200506)

available memory: 64M bytes
used memory: 475136 bytes [need 464K bytes if disable swap]

used block: 37 [memory(37) file(0)]
                 [ 8K(34) 64K(3) { total 464K bytes } ]
overhead: (9572) bytes for (37) blocks [Average: (258) bytes/block]

write  => 0(times) 0K(bytes) [0K bytes to file]
read   => 3(times) 178K(bytes) [19K bytes compressed data from file]
access => 76474(times) 640M(bytes)
          [hit ratio: 99.9961%]

time: write(0) read(0)  unit: second

swap file directory: (/mnt/vol_NFS_rh003/Est_Digitales_I_2024/BONILLA_BLANCO_I_2024_dig/Digitales_Ronny2024/Proyecto_2/verdiLog)
used swap file number: (1)



swap file manager:
arrSize: (256)
idxCnt: (3)
closeHead: (1)
closeTail: (2)
openCnt: (2)
fid(2): fd(33) fileName(/mnt/vol_NFS_rh003/Est_Digitales_I_2024/BONILLA_BLANCO_I_2024_dig/Digitales_Ronny2024/Proyecto_2/verdiLog/_swap_0001#8323328#1465825)
	size(0) lastModTime(0) curModTime(1717219296)
	mode(w+b)	hot(0) cool(1) pos(0)
fid(1): fd(1073741824) fileName(/mnt/vol_NFS_rh003/Est_Digitales_I_2024/BONILLA_BLANCO_I_2024_dig/Digitales_Ronny2024/Proyecto_2/simv.daidir/kdb.elab++/work.lib++/XSPRAMLP_2048X32_M8P.sv#inc___vcs_unit__1__20#.tdc)
	size(30817) lastModTime(1717219283) curModTime(1717219283)
	mode(rb)	hot(2) cool(0) pos(0)
fid(0): fd(0) fileName(NULL)
	mode(NULL)	hot(0) cool(0) pos(0)
==================================================
mySelf(154332f0) pre(1576d400) next(0)
version(200506)
date(May 19 2021 05:00:27)
